[ 2018-02-07T18:05:45+08:00 ] 127.0.0.1 /
INFO: [ app_init ] --START--
INFO: Run Behavior\BuildLiteBehavior [ RunTime:0.000017s ]
INFO: [ app_init ] --END-- [ RunTime:0.000594s ]
INFO: [ app_begin ] --START--
INFO: Run Behavior\ReadHtmlCacheBehavior [ RunTime:0.000815s ]
INFO: [ app_begin ] --END-- [ RunTime:0.000893s ]
NOTIC: [8] Undefined index: code D:\phpStudy\WWW\aaa\Application\Home\Controller\BaseController.class.php 第 24 行.
NOTIC: [8192] Function eregi() is deprecated D:\phpStudy\WWW\aaa\Application\Common\Common\function.php 第 63 行.
NOTIC: [8192] Function eregi() is deprecated D:\phpStudy\WWW\aaa\Application\Common\Common\function.php 第 65 行.
NOTIC: [8192] Function eregi() is deprecated D:\phpStudy\WWW\aaa\Application\Common\Common\function.php 第 67 行.
NOTIC: [8192] Function ereg() is deprecated D:\phpStudy\WWW\aaa\Application\Common\Common\function.php 第 67 行.
NOTIC: [8192] Function eregi() is deprecated D:\phpStudy\WWW\aaa\Application\Common\Common\function.php 第 69 行.
NOTIC: [8192] Function eregi() is deprecated D:\phpStudy\WWW\aaa\Application\Common\Common\function.php 第 69 行.
NOTIC: [8192] Function eregi() is deprecated D:\phpStudy\WWW\aaa\Application\Common\Common\function.php 第 71 行.
NOTIC: [8192] Function eregi() is deprecated D:\phpStudy\WWW\aaa\Application\Common\Common\function.php 第 71 行.
NOTIC: [8192] Function eregi() is deprecated D:\phpStudy\WWW\aaa\Application\Common\Common\function.php 第 73 行.
NOTIC: [8192] Function eregi() is deprecated D:\phpStudy\WWW\aaa\Application\Common\Common\function.php 第 73 行.
NOTIC: [8192] Function eregi() is deprecated D:\phpStudy\WWW\aaa\Application\Common\Common\function.php 第 75 行.
NOTIC: [8192] Function eregi() is deprecated D:\phpStudy\WWW\aaa\Application\Common\Common\function.php 第 75 行.
NOTIC: [8192] Function eregi() is deprecated D:\phpStudy\WWW\aaa\Application\Common\Common\function.php 第 77 行.
NOTIC: [8192] Function eregi() is deprecated D:\phpStudy\WWW\aaa\Application\Common\Common\function.php 第 77 行.
NOTIC: [8192] Function eregi() is deprecated D:\phpStudy\WWW\aaa\Application\Common\Common\function.php 第 79 行.
NOTIC: [8192] Function eregi() is deprecated D:\phpStudy\WWW\aaa\Application\Common\Common\function.php 第 79 行.
SQL: SHOW COLUMNS FROM `web_article` [ RunTime:0.0190s ]
SQL: SELECT `a_keyword`,`a_id`,`create_time` FROM `web_article` WHERE ( a_keyword != '' and a_views > 0 ) ORDER BY create_time desc LIMIT 50   [ RunTime:0.0003s ]
SQL: SHOW COLUMNS FROM `web_carousel_list` [ RunTime:0.0144s ]
SQL: SELECT * FROM `web_carousel_list` WHERE ( img != '' and state > 0 ) ORDER BY orderby  [ RunTime:0.0005s ]
SQL: SHOW COLUMNS FROM `web_article_cate` [ RunTime:0.0173s ]
SQL: SELECT * FROM `web_article_cate`  [ RunTime:0.0004s ]
SQL: SHOW COLUMNS FROM `web_link` [ RunTime:0.0197s ]
SQL: SELECT * FROM `web_link` WHERE ( state = 1 ) ORDER BY orderby  [ RunTime:0.0004s ]
SQL: SHOW COLUMNS FROM `web_liuyan` [ RunTime:0.0213s ]
SQL: SELECT * FROM `web_liuyan` ORDER BY add_time desc LIMIT 4   [ RunTime:0.0005s ]
SQL: SELECT `a_id` FROM `web_article` WHERE ( a_views > 0 )  [ RunTime:0.0003s ]
NOTIC: [2] array_rand(): Second argument has to be between 1 and the number of elements in the array D:\phpStudy\WWW\aaa\Application\Home\Controller\BaseController.class.php 第 84 行.
NOTIC: [8] Undefined index:  D:\phpStudy\WWW\aaa\Application\Home\Controller\BaseController.class.php 第 86 行.
NOTIC: [8] Undefined index:  D:\phpStudy\WWW\aaa\Application\Home\Controller\BaseController.class.php 第 87 行.
NOTIC: [8] Undefined index:  D:\phpStudy\WWW\aaa\Application\Home\Controller\BaseController.class.php 第 88 行.
SQL: SELECT * FROM `web_article` WHERE `a_id` = null LIMIT 1   [ RunTime:0.0004s ]
SQL: SELECT * FROM `web_article` WHERE `a_id` = null LIMIT 1   [ RunTime:0.0003s ]
SQL: SELECT * FROM `web_article` WHERE `a_id` = null LIMIT 1   [ RunTime:0.0004s ]
SQL: SELECT `a_id`,`photo`,`a_title`,`a_remark`,`a_keyword`,`cate_id`,`create_time`,`last_time`,`a_content`,`a_views`,`a_type`,`a_red`,`a_from`,`a_writer`,`create_ip` FROM `web_article` WHERE ( a_views > 0 ) ORDER BY a_views desc LIMIT 12   [ RunTime:0.0004s ]
SQL: SHOW COLUMNS FROM `web_article` [ RunTime:0.0078s ]
SQL: SHOW COLUMNS FROM `web_article_cate` [ RunTime:0.0080s ]
SQL: SELECT * FROM `web_article_cate`  [ RunTime:0.0003s ]
SQL: SELECT COUNT(*) AS tp_count FROM `web_article` LIMIT 1   [ RunTime:0.0002s ]
SQL: SELECT * FROM `web_article` INNER JOIN web_article_cate ON web_article_cate.cate_id = web_article.cate_id  ORDER BY a_id desc LIMIT 0,6   [ RunTime:0.0009s ]
INFO: [ view_parse ] --START--
INFO: [ template_filter ] --START--
INFO: Run Behavior\ContentReplaceBehavior [ RunTime:0.000182s ]
INFO: [ template_filter ] --END-- [ RunTime:0.000265s ]
NOTIC: [8] Undefined variable: v D:\phpStudy\WWW\aaa\Application\Runtime\Cache\Home\2a94b8bda04ff446dcedd42276fc99ee.php 第 171 行.
INFO: Run Behavior\ParseTemplateBehavior [ RunTime:0.218572s ]
INFO: [ view_parse ] --END-- [ RunTime:0.218654s ]
INFO: [ view_filter ] --START--
INFO: Run Behavior\WriteHtmlCacheBehavior [ RunTime:0.000856s ]
INFO: [ view_filter ] --END-- [ RunTime:0.000912s ]
INFO: [ app_end ] --START--
INFO: Run Behavior\ShowPageTraceBehavior [ RunTime:0.002947s ]
INFO: [ app_end ] --END-- [ RunTime:0.003091s ]

[ 2018-02-07T18:05:46+08:00 ] 127.0.0.1 /Uploads/images/2016-01-04/5689ced6df25d.jpg
INFO: [ app_init ] --START--
INFO: Run Behavior\BuildLiteBehavior [ RunTime:0.000014s ]
INFO: [ app_init ] --END-- [ RunTime:0.000400s ]

[ 2018-02-07T18:05:50+08:00 ] 127.0.0.1 /Public/Admin/img/progress.gif
INFO: [ app_init ] --START--
INFO: Run Behavior\BuildLiteBehavior [ RunTime:0.000020s ]
INFO: [ app_init ] --END-- [ RunTime:0.000690s ]

[ 2018-02-07T18:22:10+08:00 ] 127.0.0.1 /
INFO: [ app_init ] --START--
INFO: Run Behavior\BuildLiteBehavior [ RunTime:0.000021s ]
INFO: [ app_init ] --END-- [ RunTime:0.000771s ]
INFO: [ app_begin ] --START--
INFO: Run Behavior\ReadHtmlCacheBehavior [ RunTime:0.000697s ]
INFO: [ app_begin ] --END-- [ RunTime:0.000766s ]
NOTIC: [8] Undefined index: code D:\phpStudy\WWW\aaa\Application\Home\Controller\BaseController.class.php 第 24 行.
NOTIC: [8192] Function eregi() is deprecated D:\phpStudy\WWW\aaa\Application\Common\Common\function.php 第 63 行.
NOTIC: [8192] Function eregi() is deprecated D:\phpStudy\WWW\aaa\Application\Common\Common\function.php 第 65 行.
NOTIC: [8192] Function eregi() is deprecated D:\phpStudy\WWW\aaa\Application\Common\Common\function.php 第 67 行.
NOTIC: [8192] Function ereg() is deprecated D:\phpStudy\WWW\aaa\Application\Common\Common\function.php 第 67 行.
NOTIC: [8192] Function eregi() is deprecated D:\phpStudy\WWW\aaa\Application\Common\Common\function.php 第 69 行.
NOTIC: [8192] Function eregi() is deprecated D:\phpStudy\WWW\aaa\Application\Common\Common\function.php 第 69 行.
NOTIC: [8192] Function eregi() is deprecated D:\phpStudy\WWW\aaa\Application\Common\Common\function.php 第 71 行.
NOTIC: [8192] Function eregi() is deprecated D:\phpStudy\WWW\aaa\Application\Common\Common\function.php 第 71 行.
NOTIC: [8192] Function eregi() is deprecated D:\phpStudy\WWW\aaa\Application\Common\Common\function.php 第 73 行.
NOTIC: [8192] Function eregi() is deprecated D:\phpStudy\WWW\aaa\Application\Common\Common\function.php 第 73 行.
NOTIC: [8192] Function eregi() is deprecated D:\phpStudy\WWW\aaa\Application\Common\Common\function.php 第 75 行.
NOTIC: [8192] Function eregi() is deprecated D:\phpStudy\WWW\aaa\Application\Common\Common\function.php 第 75 行.
NOTIC: [8192] Function eregi() is deprecated D:\phpStudy\WWW\aaa\Application\Common\Common\function.php 第 77 行.
NOTIC: [8192] Function eregi() is deprecated D:\phpStudy\WWW\aaa\Application\Common\Common\function.php 第 77 行.
NOTIC: [8192] Function eregi() is deprecated D:\phpStudy\WWW\aaa\Application\Common\Common\function.php 第 79 行.
NOTIC: [8192] Function eregi() is deprecated D:\phpStudy\WWW\aaa\Application\Common\Common\function.php 第 79 行.
SQL: SHOW COLUMNS FROM `web_article` [ RunTime:0.0156s ]
SQL: SELECT `a_keyword`,`a_id`,`create_time` FROM `web_article` WHERE ( a_keyword != '' and a_views > 0 ) ORDER BY create_time desc LIMIT 50   [ RunTime:0.0005s ]
SQL: SHOW COLUMNS FROM `web_carousel_list` [ RunTime:0.0107s ]
SQL: SELECT * FROM `web_carousel_list` WHERE ( img != '' and state > 0 ) ORDER BY orderby  [ RunTime:0.0005s ]
SQL: SHOW COLUMNS FROM `web_article_cate` [ RunTime:0.0146s ]
SQL: SELECT * FROM `web_article_cate`  [ RunTime:0.0003s ]
SQL: SHOW COLUMNS FROM `web_link` [ RunTime:0.0175s ]
SQL: SELECT * FROM `web_link` WHERE ( state = 1 ) ORDER BY orderby  [ RunTime:0.0005s ]
SQL: SHOW COLUMNS FROM `web_liuyan` [ RunTime:0.0158s ]
SQL: SELECT * FROM `web_liuyan` ORDER BY add_time desc LIMIT 4   [ RunTime:0.0005s ]
SQL: SELECT `a_id` FROM `web_article` WHERE ( a_views > 0 )  [ RunTime:0.0003s ]
NOTIC: [2] array_rand(): Second argument has to be between 1 and the number of elements in the array D:\phpStudy\WWW\aaa\Application\Home\Controller\BaseController.class.php 第 84 行.
NOTIC: [8] Undefined index:  D:\phpStudy\WWW\aaa\Application\Home\Controller\BaseController.class.php 第 86 行.
NOTIC: [8] Undefined index:  D:\phpStudy\WWW\aaa\Application\Home\Controller\BaseController.class.php 第 87 行.
NOTIC: [8] Undefined index:  D:\phpStudy\WWW\aaa\Application\Home\Controller\BaseController.class.php 第 88 行.
SQL: SELECT * FROM `web_article` WHERE `a_id` = null LIMIT 1   [ RunTime:0.0004s ]
SQL: SELECT * FROM `web_article` WHERE `a_id` = null LIMIT 1   [ RunTime:0.0005s ]
SQL: SELECT * FROM `web_article` WHERE `a_id` = null LIMIT 1   [ RunTime:0.0003s ]
SQL: SELECT `a_id`,`photo`,`a_title`,`a_remark`,`a_keyword`,`cate_id`,`create_time`,`last_time`,`a_content`,`a_views`,`a_type`,`a_red`,`a_from`,`a_writer`,`create_ip` FROM `web_article` WHERE ( a_views > 0 ) ORDER BY a_views desc LIMIT 12   [ RunTime:0.0003s ]
SQL: SHOW COLUMNS FROM `web_article` [ RunTime:0.0068s ]
SQL: SHOW COLUMNS FROM `web_article_cate` [ RunTime:0.0062s ]
SQL: SELECT * FROM `web_article_cate`  [ RunTime:0.0003s ]
SQL: SELECT COUNT(*) AS tp_count FROM `web_article` LIMIT 1   [ RunTime:0.0003s ]
SQL: SELECT * FROM `web_article` INNER JOIN web_article_cate ON web_article_cate.cate_id = web_article.cate_id  ORDER BY a_id desc LIMIT 0,6   [ RunTime:0.0004s ]
INFO: [ view_parse ] --START--
INFO: [ template_filter ] --START--
INFO: Run Behavior\ContentReplaceBehavior [ RunTime:0.000137s ]
INFO: [ template_filter ] --END-- [ RunTime:0.000195s ]
NOTIC: [8] Undefined variable: v D:\phpStudy\WWW\aaa\Application\Runtime\Cache\Home\2a94b8bda04ff446dcedd42276fc99ee.php 第 171 行.
INFO: Run Behavior\ParseTemplateBehavior [ RunTime:0.186922s ]
INFO: [ view_parse ] --END-- [ RunTime:0.186993s ]
INFO: [ view_filter ] --START--
INFO: Run Behavior\WriteHtmlCacheBehavior [ RunTime:0.000447s ]
INFO: [ view_filter ] --END-- [ RunTime:0.000484s ]
INFO: [ app_end ] --START--
INFO: Run Behavior\ShowPageTraceBehavior [ RunTime:0.001671s ]
INFO: [ app_end ] --END-- [ RunTime:0.001768s ]

[ 2018-02-07T18:22:10+08:00 ] 127.0.0.1 /Uploads/images/2016-01-04/5689ced6df25d.jpg
INFO: [ app_init ] --START--
INFO: Run Behavior\BuildLiteBehavior [ RunTime:0.000020s ]
INFO: [ app_init ] --END-- [ RunTime:0.000599s ]

