[ 2018-02-26T10:31:14+08:00 ] 127.0.0.1 /Public/Admin/img/progress.gif
INFO: [ app_init ] --START--
INFO: Run Behavior\BuildLiteBehavior [ RunTime:0.000025s ]
INFO: [ app_init ] --END-- [ RunTime:0.000763s ]

[ 2018-02-26T10:37:00+08:00 ] 127.0.0.1 /Public/Admin/img/progress.gif
INFO: [ app_init ] --START--
INFO: Run Behavior\BuildLiteBehavior [ RunTime:0.000015s ]
INFO: [ app_init ] --END-- [ RunTime:0.000412s ]

[ 2018-02-26T10:58:04+08:00 ] 127.0.0.1 /
INFO: [ app_init ] --START--
INFO: Run Behavior\BuildLiteBehavior [ RunTime:0.000014s ]
INFO: [ app_init ] --END-- [ RunTime:0.000523s ]
INFO: [ app_begin ] --START--
INFO: Run Behavior\ReadHtmlCacheBehavior [ RunTime:0.000449s ]
INFO: [ app_begin ] --END-- [ RunTime:0.000503s ]
NOTIC: [8] Undefined index: code D:\phpStudy\WWW\gdjk\Application\Home\Controller\BaseController.class.php 第 24 行.
NOTIC: [8192] Function eregi() is deprecated D:\phpStudy\WWW\gdjk\Application\Common\Common\function.php 第 63 行.
NOTIC: [8192] Function eregi() is deprecated D:\phpStudy\WWW\gdjk\Application\Common\Common\function.php 第 65 行.
NOTIC: [8192] Function eregi() is deprecated D:\phpStudy\WWW\gdjk\Application\Common\Common\function.php 第 67 行.
NOTIC: [8192] Function ereg() is deprecated D:\phpStudy\WWW\gdjk\Application\Common\Common\function.php 第 67 行.
NOTIC: [8192] Function eregi() is deprecated D:\phpStudy\WWW\gdjk\Application\Common\Common\function.php 第 69 行.
NOTIC: [8192] Function eregi() is deprecated D:\phpStudy\WWW\gdjk\Application\Common\Common\function.php 第 69 行.
NOTIC: [8192] Function eregi() is deprecated D:\phpStudy\WWW\gdjk\Application\Common\Common\function.php 第 71 行.
NOTIC: [8192] Function eregi() is deprecated D:\phpStudy\WWW\gdjk\Application\Common\Common\function.php 第 71 行.
NOTIC: [8192] Function eregi() is deprecated D:\phpStudy\WWW\gdjk\Application\Common\Common\function.php 第 73 行.
NOTIC: [8192] Function eregi() is deprecated D:\phpStudy\WWW\gdjk\Application\Common\Common\function.php 第 73 行.
NOTIC: [8192] Function eregi() is deprecated D:\phpStudy\WWW\gdjk\Application\Common\Common\function.php 第 75 行.
NOTIC: [8192] Function eregi() is deprecated D:\phpStudy\WWW\gdjk\Application\Common\Common\function.php 第 75 行.
NOTIC: [8192] Function eregi() is deprecated D:\phpStudy\WWW\gdjk\Application\Common\Common\function.php 第 77 行.
NOTIC: [8192] Function eregi() is deprecated D:\phpStudy\WWW\gdjk\Application\Common\Common\function.php 第 77 行.
NOTIC: [8192] Function eregi() is deprecated D:\phpStudy\WWW\gdjk\Application\Common\Common\function.php 第 79 行.
NOTIC: [8192] Function eregi() is deprecated D:\phpStudy\WWW\gdjk\Application\Common\Common\function.php 第 79 行.
ERR: 1146:Table 'gdjk.web_article' doesn't exist
 [ SQL语句 ] : SHOW COLUMNS FROM `web_article`
ERR: 1146:Table 'gdjk.web_article' doesn't exist
 [ SQL语句 ] : SHOW COLUMNS FROM `web_article`

[ 2018-02-26T10:58:07+08:00 ] 127.0.0.1 /
INFO: [ app_init ] --START--
INFO: Run Behavior\BuildLiteBehavior [ RunTime:0.000014s ]
INFO: [ app_init ] --END-- [ RunTime:0.000397s ]
INFO: [ app_begin ] --START--
INFO: Run Behavior\ReadHtmlCacheBehavior [ RunTime:0.000454s ]
INFO: [ app_begin ] --END-- [ RunTime:0.000510s ]
NOTIC: [8] Undefined index: code D:\phpStudy\WWW\gdjk\Application\Home\Controller\BaseController.class.php 第 24 行.
NOTIC: [8192] Function eregi() is deprecated D:\phpStudy\WWW\gdjk\Application\Common\Common\function.php 第 63 行.
NOTIC: [8192] Function eregi() is deprecated D:\phpStudy\WWW\gdjk\Application\Common\Common\function.php 第 65 行.
NOTIC: [8192] Function eregi() is deprecated D:\phpStudy\WWW\gdjk\Application\Common\Common\function.php 第 67 行.
NOTIC: [8192] Function ereg() is deprecated D:\phpStudy\WWW\gdjk\Application\Common\Common\function.php 第 67 行.
NOTIC: [8192] Function eregi() is deprecated D:\phpStudy\WWW\gdjk\Application\Common\Common\function.php 第 69 行.
NOTIC: [8192] Function eregi() is deprecated D:\phpStudy\WWW\gdjk\Application\Common\Common\function.php 第 69 行.
NOTIC: [8192] Function eregi() is deprecated D:\phpStudy\WWW\gdjk\Application\Common\Common\function.php 第 71 行.
NOTIC: [8192] Function eregi() is deprecated D:\phpStudy\WWW\gdjk\Application\Common\Common\function.php 第 71 行.
NOTIC: [8192] Function eregi() is deprecated D:\phpStudy\WWW\gdjk\Application\Common\Common\function.php 第 73 行.
NOTIC: [8192] Function eregi() is deprecated D:\phpStudy\WWW\gdjk\Application\Common\Common\function.php 第 73 行.
NOTIC: [8192] Function eregi() is deprecated D:\phpStudy\WWW\gdjk\Application\Common\Common\function.php 第 75 行.
NOTIC: [8192] Function eregi() is deprecated D:\phpStudy\WWW\gdjk\Application\Common\Common\function.php 第 75 行.
NOTIC: [8192] Function eregi() is deprecated D:\phpStudy\WWW\gdjk\Application\Common\Common\function.php 第 77 行.
NOTIC: [8192] Function eregi() is deprecated D:\phpStudy\WWW\gdjk\Application\Common\Common\function.php 第 77 行.
NOTIC: [8192] Function eregi() is deprecated D:\phpStudy\WWW\gdjk\Application\Common\Common\function.php 第 79 行.
NOTIC: [8192] Function eregi() is deprecated D:\phpStudy\WWW\gdjk\Application\Common\Common\function.php 第 79 行.
ERR: 1146:Table 'gdjk.web_article' doesn't exist
 [ SQL语句 ] : SHOW COLUMNS FROM `web_article`
ERR: 1146:Table 'gdjk.web_article' doesn't exist
 [ SQL语句 ] : SHOW COLUMNS FROM `web_article`

[ 2018-02-26T10:58:37+08:00 ] 127.0.0.1 /
INFO: [ app_init ] --START--
INFO: Run Behavior\BuildLiteBehavior [ RunTime:0.000017s ]
INFO: [ app_init ] --END-- [ RunTime:0.000418s ]
INFO: [ app_begin ] --START--
INFO: Run Behavior\ReadHtmlCacheBehavior [ RunTime:0.000587s ]
INFO: [ app_begin ] --END-- [ RunTime:0.000659s ]
NOTIC: [8] Undefined index: code D:\phpStudy\WWW\gdjk\Application\Home\Controller\BaseController.class.php 第 24 行.
NOTIC: [8192] Function eregi() is deprecated D:\phpStudy\WWW\gdjk\Application\Common\Common\function.php 第 63 行.
NOTIC: [8192] Function eregi() is deprecated D:\phpStudy\WWW\gdjk\Application\Common\Common\function.php 第 65 行.
NOTIC: [8192] Function eregi() is deprecated D:\phpStudy\WWW\gdjk\Application\Common\Common\function.php 第 67 行.
NOTIC: [8192] Function ereg() is deprecated D:\phpStudy\WWW\gdjk\Application\Common\Common\function.php 第 67 行.
NOTIC: [8192] Function eregi() is deprecated D:\phpStudy\WWW\gdjk\Application\Common\Common\function.php 第 69 行.
NOTIC: [8192] Function eregi() is deprecated D:\phpStudy\WWW\gdjk\Application\Common\Common\function.php 第 69 行.
NOTIC: [8192] Function eregi() is deprecated D:\phpStudy\WWW\gdjk\Application\Common\Common\function.php 第 71 行.
NOTIC: [8192] Function eregi() is deprecated D:\phpStudy\WWW\gdjk\Application\Common\Common\function.php 第 71 行.
NOTIC: [8192] Function eregi() is deprecated D:\phpStudy\WWW\gdjk\Application\Common\Common\function.php 第 73 行.
NOTIC: [8192] Function eregi() is deprecated D:\phpStudy\WWW\gdjk\Application\Common\Common\function.php 第 73 行.
NOTIC: [8192] Function eregi() is deprecated D:\phpStudy\WWW\gdjk\Application\Common\Common\function.php 第 75 行.
NOTIC: [8192] Function eregi() is deprecated D:\phpStudy\WWW\gdjk\Application\Common\Common\function.php 第 75 行.
NOTIC: [8192] Function eregi() is deprecated D:\phpStudy\WWW\gdjk\Application\Common\Common\function.php 第 77 行.
NOTIC: [8192] Function eregi() is deprecated D:\phpStudy\WWW\gdjk\Application\Common\Common\function.php 第 77 行.
NOTIC: [8192] Function eregi() is deprecated D:\phpStudy\WWW\gdjk\Application\Common\Common\function.php 第 79 行.
NOTIC: [8192] Function eregi() is deprecated D:\phpStudy\WWW\gdjk\Application\Common\Common\function.php 第 79 行.
ERR: 1146:Table 'gdjk.web_article' doesn't exist
 [ SQL语句 ] : SHOW COLUMNS FROM `web_article`
ERR: 1146:Table 'gdjk.web_article' doesn't exist
 [ SQL语句 ] : SHOW COLUMNS FROM `web_article`

[ 2018-02-26T10:58:38+08:00 ] 127.0.0.1 /
INFO: [ app_init ] --START--
INFO: Run Behavior\BuildLiteBehavior [ RunTime:0.000027s ]
INFO: [ app_init ] --END-- [ RunTime:0.000719s ]
INFO: [ app_begin ] --START--
INFO: Run Behavior\ReadHtmlCacheBehavior [ RunTime:0.000995s ]
INFO: [ app_begin ] --END-- [ RunTime:0.001122s ]
NOTIC: [8] Undefined index: code D:\phpStudy\WWW\gdjk\Application\Home\Controller\BaseController.class.php 第 24 行.
NOTIC: [8192] Function eregi() is deprecated D:\phpStudy\WWW\gdjk\Application\Common\Common\function.php 第 63 行.
NOTIC: [8192] Function eregi() is deprecated D:\phpStudy\WWW\gdjk\Application\Common\Common\function.php 第 65 行.
NOTIC: [8192] Function eregi() is deprecated D:\phpStudy\WWW\gdjk\Application\Common\Common\function.php 第 67 行.
NOTIC: [8192] Function ereg() is deprecated D:\phpStudy\WWW\gdjk\Application\Common\Common\function.php 第 67 行.
NOTIC: [8192] Function eregi() is deprecated D:\phpStudy\WWW\gdjk\Application\Common\Common\function.php 第 69 行.
NOTIC: [8192] Function eregi() is deprecated D:\phpStudy\WWW\gdjk\Application\Common\Common\function.php 第 69 行.
NOTIC: [8192] Function eregi() is deprecated D:\phpStudy\WWW\gdjk\Application\Common\Common\function.php 第 71 行.
NOTIC: [8192] Function eregi() is deprecated D:\phpStudy\WWW\gdjk\Application\Common\Common\function.php 第 71 行.
NOTIC: [8192] Function eregi() is deprecated D:\phpStudy\WWW\gdjk\Application\Common\Common\function.php 第 73 行.
NOTIC: [8192] Function eregi() is deprecated D:\phpStudy\WWW\gdjk\Application\Common\Common\function.php 第 73 行.
NOTIC: [8192] Function eregi() is deprecated D:\phpStudy\WWW\gdjk\Application\Common\Common\function.php 第 75 行.
NOTIC: [8192] Function eregi() is deprecated D:\phpStudy\WWW\gdjk\Application\Common\Common\function.php 第 75 行.
NOTIC: [8192] Function eregi() is deprecated D:\phpStudy\WWW\gdjk\Application\Common\Common\function.php 第 77 行.
NOTIC: [8192] Function eregi() is deprecated D:\phpStudy\WWW\gdjk\Application\Common\Common\function.php 第 77 行.
NOTIC: [8192] Function eregi() is deprecated D:\phpStudy\WWW\gdjk\Application\Common\Common\function.php 第 79 行.
NOTIC: [8192] Function eregi() is deprecated D:\phpStudy\WWW\gdjk\Application\Common\Common\function.php 第 79 行.
ERR: 1146:Table 'gdjk.web_article' doesn't exist
 [ SQL语句 ] : SHOW COLUMNS FROM `web_article`
ERR: 1146:Table 'gdjk.web_article' doesn't exist
 [ SQL语句 ] : SHOW COLUMNS FROM `web_article`

[ 2018-02-26T10:58:51+08:00 ] 127.0.0.1 /
INFO: [ app_init ] --START--
INFO: Run Behavior\BuildLiteBehavior [ RunTime:0.000018s ]
INFO: [ app_init ] --END-- [ RunTime:0.000558s ]
INFO: [ app_begin ] --START--
INFO: Run Behavior\ReadHtmlCacheBehavior [ RunTime:0.000816s ]
INFO: [ app_begin ] --END-- [ RunTime:0.000892s ]
NOTIC: [8] Undefined index: code D:\phpStudy\WWW\gdjk\Application\Home\Controller\BaseController.class.php 第 24 行.
NOTIC: [8192] Function eregi() is deprecated D:\phpStudy\WWW\gdjk\Application\Common\Common\function.php 第 63 行.
NOTIC: [8192] Function eregi() is deprecated D:\phpStudy\WWW\gdjk\Application\Common\Common\function.php 第 65 行.
NOTIC: [8192] Function eregi() is deprecated D:\phpStudy\WWW\gdjk\Application\Common\Common\function.php 第 67 行.
NOTIC: [8192] Function ereg() is deprecated D:\phpStudy\WWW\gdjk\Application\Common\Common\function.php 第 67 行.
NOTIC: [8192] Function eregi() is deprecated D:\phpStudy\WWW\gdjk\Application\Common\Common\function.php 第 69 行.
NOTIC: [8192] Function eregi() is deprecated D:\phpStudy\WWW\gdjk\Application\Common\Common\function.php 第 69 行.
NOTIC: [8192] Function eregi() is deprecated D:\phpStudy\WWW\gdjk\Application\Common\Common\function.php 第 71 行.
NOTIC: [8192] Function eregi() is deprecated D:\phpStudy\WWW\gdjk\Application\Common\Common\function.php 第 71 行.
NOTIC: [8192] Function eregi() is deprecated D:\phpStudy\WWW\gdjk\Application\Common\Common\function.php 第 73 行.
NOTIC: [8192] Function eregi() is deprecated D:\phpStudy\WWW\gdjk\Application\Common\Common\function.php 第 73 行.
NOTIC: [8192] Function eregi() is deprecated D:\phpStudy\WWW\gdjk\Application\Common\Common\function.php 第 75 行.
NOTIC: [8192] Function eregi() is deprecated D:\phpStudy\WWW\gdjk\Application\Common\Common\function.php 第 75 行.
NOTIC: [8192] Function eregi() is deprecated D:\phpStudy\WWW\gdjk\Application\Common\Common\function.php 第 77 行.
NOTIC: [8192] Function eregi() is deprecated D:\phpStudy\WWW\gdjk\Application\Common\Common\function.php 第 77 行.
NOTIC: [8192] Function eregi() is deprecated D:\phpStudy\WWW\gdjk\Application\Common\Common\function.php 第 79 行.
NOTIC: [8192] Function eregi() is deprecated D:\phpStudy\WWW\gdjk\Application\Common\Common\function.php 第 79 行.
ERR: 1146:Table 'gdjk.web_article' doesn't exist
 [ SQL语句 ] : SHOW COLUMNS FROM `web_article`
ERR: 1146:Table 'gdjk.web_article' doesn't exist
 [ SQL语句 ] : SHOW COLUMNS FROM `web_article`

[ 2018-02-26T10:59:26+08:00 ] 127.0.0.1 /
INFO: [ app_init ] --START--
INFO: Run Behavior\BuildLiteBehavior [ RunTime:0.000018s ]
INFO: [ app_init ] --END-- [ RunTime:0.000475s ]
INFO: [ app_begin ] --START--
INFO: Run Behavior\ReadHtmlCacheBehavior [ RunTime:0.000582s ]
INFO: [ app_begin ] --END-- [ RunTime:0.000654s ]
NOTIC: [8] Undefined index: code D:\phpStudy\WWW\gdjk\Application\Home\Controller\BaseController.class.php 第 24 行.
NOTIC: [8192] Function eregi() is deprecated D:\phpStudy\WWW\gdjk\Application\Common\Common\function.php 第 63 行.
NOTIC: [8192] Function eregi() is deprecated D:\phpStudy\WWW\gdjk\Application\Common\Common\function.php 第 65 行.
NOTIC: [8192] Function eregi() is deprecated D:\phpStudy\WWW\gdjk\Application\Common\Common\function.php 第 67 行.
NOTIC: [8192] Function ereg() is deprecated D:\phpStudy\WWW\gdjk\Application\Common\Common\function.php 第 67 行.
NOTIC: [8192] Function eregi() is deprecated D:\phpStudy\WWW\gdjk\Application\Common\Common\function.php 第 69 行.
NOTIC: [8192] Function eregi() is deprecated D:\phpStudy\WWW\gdjk\Application\Common\Common\function.php 第 69 行.
NOTIC: [8192] Function eregi() is deprecated D:\phpStudy\WWW\gdjk\Application\Common\Common\function.php 第 71 行.
NOTIC: [8192] Function eregi() is deprecated D:\phpStudy\WWW\gdjk\Application\Common\Common\function.php 第 71 行.
NOTIC: [8192] Function eregi() is deprecated D:\phpStudy\WWW\gdjk\Application\Common\Common\function.php 第 73 行.
NOTIC: [8192] Function eregi() is deprecated D:\phpStudy\WWW\gdjk\Application\Common\Common\function.php 第 73 行.
NOTIC: [8192] Function eregi() is deprecated D:\phpStudy\WWW\gdjk\Application\Common\Common\function.php 第 75 行.
NOTIC: [8192] Function eregi() is deprecated D:\phpStudy\WWW\gdjk\Application\Common\Common\function.php 第 75 行.
NOTIC: [8192] Function eregi() is deprecated D:\phpStudy\WWW\gdjk\Application\Common\Common\function.php 第 77 行.
NOTIC: [8192] Function eregi() is deprecated D:\phpStudy\WWW\gdjk\Application\Common\Common\function.php 第 77 行.
NOTIC: [8192] Function eregi() is deprecated D:\phpStudy\WWW\gdjk\Application\Common\Common\function.php 第 79 行.
NOTIC: [8192] Function eregi() is deprecated D:\phpStudy\WWW\gdjk\Application\Common\Common\function.php 第 79 行.
SQL: SHOW COLUMNS FROM `web_carousel_list` [ RunTime:0.0134s ]
SQL: SELECT * FROM `web_carousel_list` WHERE ( img != '' and state > 0 ) ORDER BY orderby  [ RunTime:0.0005s ]
ERR: 1146:Table 'gdjk.web_article_cate' doesn't exist
 [ SQL语句 ] : SHOW COLUMNS FROM `web_article_cate`
ERR: 1146:Table 'gdjk.web_article_cate' doesn't exist
 [ SQL语句 ] : SHOW COLUMNS FROM `web_article_cate`

[ 2018-02-26T10:59:37+08:00 ] 127.0.0.1 /
INFO: [ app_init ] --START--
INFO: Run Behavior\BuildLiteBehavior [ RunTime:0.000025s ]
INFO: [ app_init ] --END-- [ RunTime:0.000638s ]
INFO: [ app_begin ] --START--
INFO: Run Behavior\ReadHtmlCacheBehavior [ RunTime:0.000582s ]
INFO: [ app_begin ] --END-- [ RunTime:0.000671s ]
NOTIC: [8] Undefined index: code D:\phpStudy\WWW\gdjk\Application\Home\Controller\BaseController.class.php 第 24 行.
NOTIC: [8192] Function eregi() is deprecated D:\phpStudy\WWW\gdjk\Application\Common\Common\function.php 第 63 行.
NOTIC: [8192] Function eregi() is deprecated D:\phpStudy\WWW\gdjk\Application\Common\Common\function.php 第 65 行.
NOTIC: [8192] Function eregi() is deprecated D:\phpStudy\WWW\gdjk\Application\Common\Common\function.php 第 67 行.
NOTIC: [8192] Function ereg() is deprecated D:\phpStudy\WWW\gdjk\Application\Common\Common\function.php 第 67 行.
NOTIC: [8192] Function eregi() is deprecated D:\phpStudy\WWW\gdjk\Application\Common\Common\function.php 第 69 行.
NOTIC: [8192] Function eregi() is deprecated D:\phpStudy\WWW\gdjk\Application\Common\Common\function.php 第 69 行.
NOTIC: [8192] Function eregi() is deprecated D:\phpStudy\WWW\gdjk\Application\Common\Common\function.php 第 71 行.
NOTIC: [8192] Function eregi() is deprecated D:\phpStudy\WWW\gdjk\Application\Common\Common\function.php 第 71 行.
NOTIC: [8192] Function eregi() is deprecated D:\phpStudy\WWW\gdjk\Application\Common\Common\function.php 第 73 行.
NOTIC: [8192] Function eregi() is deprecated D:\phpStudy\WWW\gdjk\Application\Common\Common\function.php 第 73 行.
NOTIC: [8192] Function eregi() is deprecated D:\phpStudy\WWW\gdjk\Application\Common\Common\function.php 第 75 行.
NOTIC: [8192] Function eregi() is deprecated D:\phpStudy\WWW\gdjk\Application\Common\Common\function.php 第 75 行.
NOTIC: [8192] Function eregi() is deprecated D:\phpStudy\WWW\gdjk\Application\Common\Common\function.php 第 77 行.
NOTIC: [8192] Function eregi() is deprecated D:\phpStudy\WWW\gdjk\Application\Common\Common\function.php 第 77 行.
NOTIC: [8192] Function eregi() is deprecated D:\phpStudy\WWW\gdjk\Application\Common\Common\function.php 第 79 行.
NOTIC: [8192] Function eregi() is deprecated D:\phpStudy\WWW\gdjk\Application\Common\Common\function.php 第 79 行.
SQL: SHOW COLUMNS FROM `web_carousel_list` [ RunTime:0.0131s ]
SQL: SELECT * FROM `web_carousel_list` WHERE ( img != '' and state > 0 ) ORDER BY orderby  [ RunTime:0.0004s ]
ERR: 1146:Table 'gdjk.web_link' doesn't exist
 [ SQL语句 ] : SHOW COLUMNS FROM `web_link`
ERR: 1146:Table 'gdjk.web_link' doesn't exist
 [ SQL语句 ] : SHOW COLUMNS FROM `web_link`

[ 2018-02-26T10:59:55+08:00 ] 127.0.0.1 /
INFO: [ app_init ] --START--
INFO: Run Behavior\BuildLiteBehavior [ RunTime:0.000020s ]
INFO: [ app_init ] --END-- [ RunTime:0.000461s ]
INFO: [ app_begin ] --START--
INFO: Run Behavior\ReadHtmlCacheBehavior [ RunTime:0.000606s ]
INFO: [ app_begin ] --END-- [ RunTime:0.000669s ]
NOTIC: [8] Undefined index: code D:\phpStudy\WWW\gdjk\Application\Home\Controller\BaseController.class.php 第 24 行.
NOTIC: [8192] Function eregi() is deprecated D:\phpStudy\WWW\gdjk\Application\Common\Common\function.php 第 63 行.
NOTIC: [8192] Function eregi() is deprecated D:\phpStudy\WWW\gdjk\Application\Common\Common\function.php 第 65 行.
NOTIC: [8192] Function eregi() is deprecated D:\phpStudy\WWW\gdjk\Application\Common\Common\function.php 第 67 行.
NOTIC: [8192] Function ereg() is deprecated D:\phpStudy\WWW\gdjk\Application\Common\Common\function.php 第 67 行.
NOTIC: [8192] Function eregi() is deprecated D:\phpStudy\WWW\gdjk\Application\Common\Common\function.php 第 69 行.
NOTIC: [8192] Function eregi() is deprecated D:\phpStudy\WWW\gdjk\Application\Common\Common\function.php 第 69 行.
NOTIC: [8192] Function eregi() is deprecated D:\phpStudy\WWW\gdjk\Application\Common\Common\function.php 第 71 行.
NOTIC: [8192] Function eregi() is deprecated D:\phpStudy\WWW\gdjk\Application\Common\Common\function.php 第 71 行.
NOTIC: [8192] Function eregi() is deprecated D:\phpStudy\WWW\gdjk\Application\Common\Common\function.php 第 73 行.
NOTIC: [8192] Function eregi() is deprecated D:\phpStudy\WWW\gdjk\Application\Common\Common\function.php 第 73 行.
NOTIC: [8192] Function eregi() is deprecated D:\phpStudy\WWW\gdjk\Application\Common\Common\function.php 第 75 行.
NOTIC: [8192] Function eregi() is deprecated D:\phpStudy\WWW\gdjk\Application\Common\Common\function.php 第 75 行.
NOTIC: [8192] Function eregi() is deprecated D:\phpStudy\WWW\gdjk\Application\Common\Common\function.php 第 77 行.
NOTIC: [8192] Function eregi() is deprecated D:\phpStudy\WWW\gdjk\Application\Common\Common\function.php 第 77 行.
NOTIC: [8192] Function eregi() is deprecated D:\phpStudy\WWW\gdjk\Application\Common\Common\function.php 第 79 行.
NOTIC: [8192] Function eregi() is deprecated D:\phpStudy\WWW\gdjk\Application\Common\Common\function.php 第 79 行.
SQL: SHOW COLUMNS FROM `web_carousel_list` [ RunTime:0.0122s ]
SQL: SELECT * FROM `web_carousel_list` WHERE ( img != '' and state > 0 ) ORDER BY orderby  [ RunTime:0.0004s ]
ERR: 1146:Table 'gdjk.web_article' doesn't exist
 [ SQL语句 ] : SHOW COLUMNS FROM `web_article`
ERR: 1146:Table 'gdjk.web_article' doesn't exist
 [ SQL语句 ] : SHOW COLUMNS FROM `web_article`

[ 2018-02-26T11:00:07+08:00 ] 127.0.0.1 /
INFO: [ app_init ] --START--
INFO: Run Behavior\BuildLiteBehavior [ RunTime:0.000015s ]
INFO: [ app_init ] --END-- [ RunTime:0.000437s ]
INFO: [ app_begin ] --START--
INFO: Run Behavior\ReadHtmlCacheBehavior [ RunTime:0.000695s ]
INFO: [ app_begin ] --END-- [ RunTime:0.000775s ]

[ 2018-02-26T11:00:11+08:00 ] 127.0.0.1 /
INFO: [ app_init ] --START--
INFO: Run Behavior\BuildLiteBehavior [ RunTime:0.000023s ]
INFO: [ app_init ] --END-- [ RunTime:0.000633s ]
INFO: [ app_begin ] --START--
INFO: Run Behavior\ReadHtmlCacheBehavior [ RunTime:0.000756s ]
INFO: [ app_begin ] --END-- [ RunTime:0.000847s ]

[ 2018-02-26T11:00:21+08:00 ] 127.0.0.1 /
INFO: [ app_init ] --START--
INFO: Run Behavior\BuildLiteBehavior [ RunTime:0.000019s ]
INFO: [ app_init ] --END-- [ RunTime:0.000547s ]
INFO: [ app_begin ] --START--
INFO: Run Behavior\ReadHtmlCacheBehavior [ RunTime:0.000698s ]
INFO: [ app_begin ] --END-- [ RunTime:0.000784s ]
NOTIC: [8] Undefined index: code D:\phpStudy\WWW\gdjk\Application\Home\Controller\BaseController.class.php 第 24 行.
NOTIC: [8192] Function eregi() is deprecated D:\phpStudy\WWW\gdjk\Application\Common\Common\function.php 第 63 行.
NOTIC: [8192] Function eregi() is deprecated D:\phpStudy\WWW\gdjk\Application\Common\Common\function.php 第 65 行.
NOTIC: [8192] Function eregi() is deprecated D:\phpStudy\WWW\gdjk\Application\Common\Common\function.php 第 67 行.
NOTIC: [8192] Function ereg() is deprecated D:\phpStudy\WWW\gdjk\Application\Common\Common\function.php 第 67 行.
NOTIC: [8192] Function eregi() is deprecated D:\phpStudy\WWW\gdjk\Application\Common\Common\function.php 第 69 行.
NOTIC: [8192] Function eregi() is deprecated D:\phpStudy\WWW\gdjk\Application\Common\Common\function.php 第 69 行.
NOTIC: [8192] Function eregi() is deprecated D:\phpStudy\WWW\gdjk\Application\Common\Common\function.php 第 71 行.
NOTIC: [8192] Function eregi() is deprecated D:\phpStudy\WWW\gdjk\Application\Common\Common\function.php 第 71 行.
NOTIC: [8192] Function eregi() is deprecated D:\phpStudy\WWW\gdjk\Application\Common\Common\function.php 第 73 行.
NOTIC: [8192] Function eregi() is deprecated D:\phpStudy\WWW\gdjk\Application\Common\Common\function.php 第 73 行.
NOTIC: [8192] Function eregi() is deprecated D:\phpStudy\WWW\gdjk\Application\Common\Common\function.php 第 75 行.
NOTIC: [8192] Function eregi() is deprecated D:\phpStudy\WWW\gdjk\Application\Common\Common\function.php 第 75 行.
NOTIC: [8192] Function eregi() is deprecated D:\phpStudy\WWW\gdjk\Application\Common\Common\function.php 第 77 行.
NOTIC: [8192] Function eregi() is deprecated D:\phpStudy\WWW\gdjk\Application\Common\Common\function.php 第 77 行.
NOTIC: [8192] Function eregi() is deprecated D:\phpStudy\WWW\gdjk\Application\Common\Common\function.php 第 79 行.
NOTIC: [8192] Function eregi() is deprecated D:\phpStudy\WWW\gdjk\Application\Common\Common\function.php 第 79 行.
SQL: SHOW COLUMNS FROM `web_carousel_list` [ RunTime:0.0156s ]
SQL: SELECT * FROM `web_carousel_list` WHERE ( img != '' and state > 0 ) ORDER BY orderby  [ RunTime:0.0004s ]
INFO: [ view_parse ] --START--
INFO: [ template_filter ] --START--
INFO: Run Behavior\ContentReplaceBehavior [ RunTime:0.000143s ]
INFO: [ template_filter ] --END-- [ RunTime:0.000198s ]
NOTIC: [8] Undefined variable: nownav D:\phpStudy\WWW\gdjk\Application\Runtime\Cache\Home\2a94b8bda04ff446dcedd42276fc99ee.php 第 95 行.
NOTIC: [8] Undefined variable: nownav D:\phpStudy\WWW\gdjk\Application\Runtime\Cache\Home\2a94b8bda04ff446dcedd42276fc99ee.php 第 96 行.
NOTIC: [8] Undefined variable: cate D:\phpStudy\WWW\gdjk\Application\Runtime\Cache\Home\2a94b8bda04ff446dcedd42276fc99ee.php 第 99 行.
NOTIC: [8] Undefined variable: nownav D:\phpStudy\WWW\gdjk\Application\Runtime\Cache\Home\2a94b8bda04ff446dcedd42276fc99ee.php 第 102 行.
NOTIC: [8] Undefined variable: nownav D:\phpStudy\WWW\gdjk\Application\Runtime\Cache\Home\2a94b8bda04ff446dcedd42276fc99ee.php 第 103 行.
NOTIC: [8] Undefined variable: nownav D:\phpStudy\WWW\gdjk\Application\Runtime\Cache\Home\2a94b8bda04ff446dcedd42276fc99ee.php 第 104 行.
NOTIC: [8] Undefined variable: nownav D:\phpStudy\WWW\gdjk\Application\Runtime\Cache\Home\2a94b8bda04ff446dcedd42276fc99ee.php 第 105 行.
NOTIC: [8] Undefined variable: list D:\phpStudy\WWW\gdjk\Application\Runtime\Cache\Home\2a94b8bda04ff446dcedd42276fc99ee.php 第 154 行.
NOTIC: [8] Undefined variable: page D:\phpStudy\WWW\gdjk\Application\Runtime\Cache\Home\2a94b8bda04ff446dcedd42276fc99ee.php 第 196 行.
NOTIC: [8] Undefined variable: qqname D:\phpStudy\WWW\gdjk\Application\Runtime\Cache\Home\2a94b8bda04ff446dcedd42276fc99ee.php 第 230 行.
NOTIC: [8] Undefined variable: tag D:\phpStudy\WWW\gdjk\Application\Runtime\Cache\Home\2a94b8bda04ff446dcedd42276fc99ee.php 第 273 行.
NOTIC: [8] Undefined variable: s_article D:\phpStudy\WWW\gdjk\Application\Runtime\Cache\Home\2a94b8bda04ff446dcedd42276fc99ee.php 第 286 行.
NOTIC: [8] Undefined variable: Liuyan D:\phpStudy\WWW\gdjk\Application\Runtime\Cache\Home\2a94b8bda04ff446dcedd42276fc99ee.php 第 309 行.
NOTIC: [8] Undefined variable: hits D:\phpStudy\WWW\gdjk\Application\Runtime\Cache\Home\2a94b8bda04ff446dcedd42276fc99ee.php 第 322 行.
NOTIC: [8] Undefined variable: link D:\phpStudy\WWW\gdjk\Application\Runtime\Cache\Home\2a94b8bda04ff446dcedd42276fc99ee.php 第 337 行.
NOTIC: [8] Undefined variable: qqname D:\phpStudy\WWW\gdjk\Application\Runtime\Cache\Home\2a94b8bda04ff446dcedd42276fc99ee.php 第 350 行.
INFO: Run Behavior\ParseTemplateBehavior [ RunTime:0.799062s ]
INFO: [ view_parse ] --END-- [ RunTime:0.799132s ]
INFO: [ view_filter ] --START--
INFO: Run Behavior\WriteHtmlCacheBehavior [ RunTime:0.000510s ]
INFO: [ view_filter ] --END-- [ RunTime:0.000568s ]
INFO: [ app_end ] --START--
INFO: Run Behavior\ShowPageTraceBehavior [ RunTime:0.001755s ]
INFO: [ app_end ] --END-- [ RunTime:0.001869s ]

[ 2018-02-26T11:00:21+08:00 ] 127.0.0.1 /
INFO: [ app_init ] --START--
INFO: Run Behavior\BuildLiteBehavior [ RunTime:0.000020s ]
INFO: [ app_init ] --END-- [ RunTime:0.000509s ]
INFO: [ app_begin ] --START--
INFO: Run Behavior\ReadHtmlCacheBehavior [ RunTime:0.000667s ]
INFO: [ app_begin ] --END-- [ RunTime:0.000749s ]
NOTIC: [8] Undefined index: code D:\phpStudy\WWW\gdjk\Application\Home\Controller\BaseController.class.php 第 24 行.
NOTIC: [8192] Function eregi() is deprecated D:\phpStudy\WWW\gdjk\Application\Common\Common\function.php 第 63 行.
NOTIC: [8192] Function eregi() is deprecated D:\phpStudy\WWW\gdjk\Application\Common\Common\function.php 第 65 行.
NOTIC: [8192] Function eregi() is deprecated D:\phpStudy\WWW\gdjk\Application\Common\Common\function.php 第 67 行.
NOTIC: [8192] Function ereg() is deprecated D:\phpStudy\WWW\gdjk\Application\Common\Common\function.php 第 67 行.
NOTIC: [8192] Function eregi() is deprecated D:\phpStudy\WWW\gdjk\Application\Common\Common\function.php 第 69 行.
NOTIC: [8192] Function eregi() is deprecated D:\phpStudy\WWW\gdjk\Application\Common\Common\function.php 第 69 行.
NOTIC: [8192] Function eregi() is deprecated D:\phpStudy\WWW\gdjk\Application\Common\Common\function.php 第 71 行.
NOTIC: [8192] Function eregi() is deprecated D:\phpStudy\WWW\gdjk\Application\Common\Common\function.php 第 71 行.
NOTIC: [8192] Function eregi() is deprecated D:\phpStudy\WWW\gdjk\Application\Common\Common\function.php 第 73 行.
NOTIC: [8192] Function eregi() is deprecated D:\phpStudy\WWW\gdjk\Application\Common\Common\function.php 第 73 行.
NOTIC: [8192] Function eregi() is deprecated D:\phpStudy\WWW\gdjk\Application\Common\Common\function.php 第 75 行.
NOTIC: [8192] Function eregi() is deprecated D:\phpStudy\WWW\gdjk\Application\Common\Common\function.php 第 75 行.
NOTIC: [8192] Function eregi() is deprecated D:\phpStudy\WWW\gdjk\Application\Common\Common\function.php 第 77 行.
NOTIC: [8192] Function eregi() is deprecated D:\phpStudy\WWW\gdjk\Application\Common\Common\function.php 第 77 行.
NOTIC: [8192] Function eregi() is deprecated D:\phpStudy\WWW\gdjk\Application\Common\Common\function.php 第 79 行.
NOTIC: [8192] Function eregi() is deprecated D:\phpStudy\WWW\gdjk\Application\Common\Common\function.php 第 79 行.
SQL: SHOW COLUMNS FROM `web_carousel_list` [ RunTime:0.0223s ]
SQL: SELECT * FROM `web_carousel_list` WHERE ( img != '' and state > 0 ) ORDER BY orderby  [ RunTime:0.0004s ]
INFO: [ view_parse ] --START--
INFO: [ template_filter ] --START--
INFO: Run Behavior\ContentReplaceBehavior [ RunTime:0.000198s ]
INFO: [ template_filter ] --END-- [ RunTime:0.000273s ]
NOTIC: [8] Undefined variable: nownav D:\phpStudy\WWW\gdjk\Application\Runtime\Cache\Home\2a94b8bda04ff446dcedd42276fc99ee.php 第 95 行.
NOTIC: [8] Undefined variable: nownav D:\phpStudy\WWW\gdjk\Application\Runtime\Cache\Home\2a94b8bda04ff446dcedd42276fc99ee.php 第 96 行.
NOTIC: [8] Undefined variable: cate D:\phpStudy\WWW\gdjk\Application\Runtime\Cache\Home\2a94b8bda04ff446dcedd42276fc99ee.php 第 99 行.
NOTIC: [8] Undefined variable: nownav D:\phpStudy\WWW\gdjk\Application\Runtime\Cache\Home\2a94b8bda04ff446dcedd42276fc99ee.php 第 102 行.
NOTIC: [8] Undefined variable: nownav D:\phpStudy\WWW\gdjk\Application\Runtime\Cache\Home\2a94b8bda04ff446dcedd42276fc99ee.php 第 103 行.
NOTIC: [8] Undefined variable: nownav D:\phpStudy\WWW\gdjk\Application\Runtime\Cache\Home\2a94b8bda04ff446dcedd42276fc99ee.php 第 104 行.
NOTIC: [8] Undefined variable: nownav D:\phpStudy\WWW\gdjk\Application\Runtime\Cache\Home\2a94b8bda04ff446dcedd42276fc99ee.php 第 105 行.
NOTIC: [8] Undefined variable: list D:\phpStudy\WWW\gdjk\Application\Runtime\Cache\Home\2a94b8bda04ff446dcedd42276fc99ee.php 第 154 行.
NOTIC: [8] Undefined variable: page D:\phpStudy\WWW\gdjk\Application\Runtime\Cache\Home\2a94b8bda04ff446dcedd42276fc99ee.php 第 196 行.
NOTIC: [8] Undefined variable: qqname D:\phpStudy\WWW\gdjk\Application\Runtime\Cache\Home\2a94b8bda04ff446dcedd42276fc99ee.php 第 230 行.
NOTIC: [8] Undefined variable: tag D:\phpStudy\WWW\gdjk\Application\Runtime\Cache\Home\2a94b8bda04ff446dcedd42276fc99ee.php 第 273 行.
NOTIC: [8] Undefined variable: s_article D:\phpStudy\WWW\gdjk\Application\Runtime\Cache\Home\2a94b8bda04ff446dcedd42276fc99ee.php 第 286 行.
NOTIC: [8] Undefined variable: Liuyan D:\phpStudy\WWW\gdjk\Application\Runtime\Cache\Home\2a94b8bda04ff446dcedd42276fc99ee.php 第 309 行.
NOTIC: [8] Undefined variable: hits D:\phpStudy\WWW\gdjk\Application\Runtime\Cache\Home\2a94b8bda04ff446dcedd42276fc99ee.php 第 322 行.
NOTIC: [8] Undefined variable: link D:\phpStudy\WWW\gdjk\Application\Runtime\Cache\Home\2a94b8bda04ff446dcedd42276fc99ee.php 第 337 行.
NOTIC: [8] Undefined variable: qqname D:\phpStudy\WWW\gdjk\Application\Runtime\Cache\Home\2a94b8bda04ff446dcedd42276fc99ee.php 第 350 行.
INFO: Run Behavior\ParseTemplateBehavior [ RunTime:0.210443s ]
INFO: [ view_parse ] --END-- [ RunTime:0.210506s ]
INFO: [ view_filter ] --START--
INFO: Run Behavior\WriteHtmlCacheBehavior [ RunTime:0.000266s ]
INFO: [ view_filter ] --END-- [ RunTime:0.000312s ]
INFO: [ app_end ] --START--
INFO: Run Behavior\ShowPageTraceBehavior [ RunTime:0.000781s ]
INFO: [ app_end ] --END-- [ RunTime:0.000836s ]

[ 2018-02-26T11:00:34+08:00 ] 127.0.0.1 /Base/loginQq.html
INFO: [ app_init ] --START--
INFO: Run Behavior\BuildLiteBehavior [ RunTime:0.000016s ]
INFO: [ app_init ] --END-- [ RunTime:0.000371s ]
INFO: [ app_begin ] --START--
INFO: Run Behavior\ReadHtmlCacheBehavior [ RunTime:0.000507s ]
INFO: [ app_begin ] --END-- [ RunTime:0.000565s ]
NOTIC: [8] Undefined index: code D:\phpStudy\WWW\gdjk\Application\Home\Controller\BaseController.class.php 第 24 行.
NOTIC: [8192] Function eregi() is deprecated D:\phpStudy\WWW\gdjk\Application\Common\Common\function.php 第 63 行.
NOTIC: [8192] Function eregi() is deprecated D:\phpStudy\WWW\gdjk\Application\Common\Common\function.php 第 65 行.
NOTIC: [8192] Function eregi() is deprecated D:\phpStudy\WWW\gdjk\Application\Common\Common\function.php 第 67 行.
NOTIC: [8192] Function ereg() is deprecated D:\phpStudy\WWW\gdjk\Application\Common\Common\function.php 第 67 行.
NOTIC: [8192] Function eregi() is deprecated D:\phpStudy\WWW\gdjk\Application\Common\Common\function.php 第 69 行.
NOTIC: [8192] Function eregi() is deprecated D:\phpStudy\WWW\gdjk\Application\Common\Common\function.php 第 69 行.
NOTIC: [8192] Function eregi() is deprecated D:\phpStudy\WWW\gdjk\Application\Common\Common\function.php 第 71 行.
NOTIC: [8192] Function eregi() is deprecated D:\phpStudy\WWW\gdjk\Application\Common\Common\function.php 第 71 行.
NOTIC: [8192] Function eregi() is deprecated D:\phpStudy\WWW\gdjk\Application\Common\Common\function.php 第 73 行.
NOTIC: [8192] Function eregi() is deprecated D:\phpStudy\WWW\gdjk\Application\Common\Common\function.php 第 73 行.
NOTIC: [8192] Function eregi() is deprecated D:\phpStudy\WWW\gdjk\Application\Common\Common\function.php 第 75 行.
NOTIC: [8192] Function eregi() is deprecated D:\phpStudy\WWW\gdjk\Application\Common\Common\function.php 第 75 行.
NOTIC: [8192] Function eregi() is deprecated D:\phpStudy\WWW\gdjk\Application\Common\Common\function.php 第 77 行.
NOTIC: [8192] Function eregi() is deprecated D:\phpStudy\WWW\gdjk\Application\Common\Common\function.php 第 77 行.
NOTIC: [8192] Function eregi() is deprecated D:\phpStudy\WWW\gdjk\Application\Common\Common\function.php 第 79 行.
NOTIC: [8192] Function eregi() is deprecated D:\phpStudy\WWW\gdjk\Application\Common\Common\function.php 第 79 行.
SQL: SHOW COLUMNS FROM `web_carousel_list` [ RunTime:0.0157s ]
SQL: SELECT * FROM `web_carousel_list` WHERE ( img != '' and state > 0 ) ORDER BY orderby  [ RunTime:0.0004s ]

[ 2018-02-26T11:00:54+08:00 ] 127.0.0.1 /said.html
INFO: [ app_init ] --START--
INFO: Run Behavior\BuildLiteBehavior [ RunTime:0.000018s ]
INFO: [ app_init ] --END-- [ RunTime:0.000439s ]
INFO: [ app_begin ] --START--
INFO: Run Behavior\ReadHtmlCacheBehavior [ RunTime:0.000621s ]
INFO: [ app_begin ] --END-- [ RunTime:0.000695s ]
NOTIC: [8] Undefined index: code D:\phpStudy\WWW\gdjk\Application\Home\Controller\BaseController.class.php 第 24 行.
NOTIC: [8192] Function eregi() is deprecated D:\phpStudy\WWW\gdjk\Application\Common\Common\function.php 第 63 行.
NOTIC: [8192] Function eregi() is deprecated D:\phpStudy\WWW\gdjk\Application\Common\Common\function.php 第 65 行.
NOTIC: [8192] Function eregi() is deprecated D:\phpStudy\WWW\gdjk\Application\Common\Common\function.php 第 67 行.
NOTIC: [8192] Function ereg() is deprecated D:\phpStudy\WWW\gdjk\Application\Common\Common\function.php 第 67 行.
NOTIC: [8192] Function eregi() is deprecated D:\phpStudy\WWW\gdjk\Application\Common\Common\function.php 第 69 行.
NOTIC: [8192] Function eregi() is deprecated D:\phpStudy\WWW\gdjk\Application\Common\Common\function.php 第 69 行.
NOTIC: [8192] Function eregi() is deprecated D:\phpStudy\WWW\gdjk\Application\Common\Common\function.php 第 71 行.
NOTIC: [8192] Function eregi() is deprecated D:\phpStudy\WWW\gdjk\Application\Common\Common\function.php 第 71 行.
NOTIC: [8192] Function eregi() is deprecated D:\phpStudy\WWW\gdjk\Application\Common\Common\function.php 第 73 行.
NOTIC: [8192] Function eregi() is deprecated D:\phpStudy\WWW\gdjk\Application\Common\Common\function.php 第 73 行.
NOTIC: [8192] Function eregi() is deprecated D:\phpStudy\WWW\gdjk\Application\Common\Common\function.php 第 75 行.
NOTIC: [8192] Function eregi() is deprecated D:\phpStudy\WWW\gdjk\Application\Common\Common\function.php 第 75 行.
NOTIC: [8192] Function eregi() is deprecated D:\phpStudy\WWW\gdjk\Application\Common\Common\function.php 第 77 行.
NOTIC: [8192] Function eregi() is deprecated D:\phpStudy\WWW\gdjk\Application\Common\Common\function.php 第 77 行.
NOTIC: [8192] Function eregi() is deprecated D:\phpStudy\WWW\gdjk\Application\Common\Common\function.php 第 79 行.
NOTIC: [8192] Function eregi() is deprecated D:\phpStudy\WWW\gdjk\Application\Common\Common\function.php 第 79 行.
SQL: SHOW COLUMNS FROM `web_carousel_list` [ RunTime:0.0142s ]
SQL: SELECT * FROM `web_carousel_list` WHERE ( img != '' and state > 0 ) ORDER BY orderby  [ RunTime:0.0004s ]
INFO: [ view_parse ] --START--
INFO: [ template_filter ] --START--
INFO: Run Behavior\ContentReplaceBehavior [ RunTime:0.000036s ]
INFO: [ template_filter ] --END-- [ RunTime:0.000085s ]
INFO: Run Behavior\ParseTemplateBehavior [ RunTime:0.041091s ]
INFO: [ view_parse ] --END-- [ RunTime:0.041161s ]
INFO: [ view_filter ] --START--
INFO: Run Behavior\WriteHtmlCacheBehavior [ RunTime:0.000358s ]
INFO: [ view_filter ] --END-- [ RunTime:0.000392s ]
INFO: [ app_end ] --START--
INFO: Run Behavior\ShowPageTraceBehavior [ RunTime:0.000558s ]
INFO: [ app_end ] --END-- [ RunTime:0.000593s ]

[ 2018-02-26T11:01:03+08:00 ] 127.0.0.1 /Index/index.html
INFO: [ app_init ] --START--
INFO: Run Behavior\BuildLiteBehavior [ RunTime:0.000012s ]
INFO: [ app_init ] --END-- [ RunTime:0.000350s ]
INFO: [ app_begin ] --START--
INFO: Run Behavior\ReadHtmlCacheBehavior [ RunTime:0.001043s ]
INFO: [ app_begin ] --END-- [ RunTime:0.001207s ]
NOTIC: [8] Undefined index: code D:\phpStudy\WWW\gdjk\Application\Home\Controller\BaseController.class.php 第 24 行.
NOTIC: [8192] Function eregi() is deprecated D:\phpStudy\WWW\gdjk\Application\Common\Common\function.php 第 63 行.
NOTIC: [8192] Function eregi() is deprecated D:\phpStudy\WWW\gdjk\Application\Common\Common\function.php 第 65 行.
NOTIC: [8192] Function eregi() is deprecated D:\phpStudy\WWW\gdjk\Application\Common\Common\function.php 第 67 行.
NOTIC: [8192] Function ereg() is deprecated D:\phpStudy\WWW\gdjk\Application\Common\Common\function.php 第 67 行.
NOTIC: [8192] Function eregi() is deprecated D:\phpStudy\WWW\gdjk\Application\Common\Common\function.php 第 69 行.
NOTIC: [8192] Function eregi() is deprecated D:\phpStudy\WWW\gdjk\Application\Common\Common\function.php 第 69 行.
NOTIC: [8192] Function eregi() is deprecated D:\phpStudy\WWW\gdjk\Application\Common\Common\function.php 第 71 行.
NOTIC: [8192] Function eregi() is deprecated D:\phpStudy\WWW\gdjk\Application\Common\Common\function.php 第 71 行.
NOTIC: [8192] Function eregi() is deprecated D:\phpStudy\WWW\gdjk\Application\Common\Common\function.php 第 73 行.
NOTIC: [8192] Function eregi() is deprecated D:\phpStudy\WWW\gdjk\Application\Common\Common\function.php 第 73 行.
NOTIC: [8192] Function eregi() is deprecated D:\phpStudy\WWW\gdjk\Application\Common\Common\function.php 第 75 行.
NOTIC: [8192] Function eregi() is deprecated D:\phpStudy\WWW\gdjk\Application\Common\Common\function.php 第 75 行.
NOTIC: [8192] Function eregi() is deprecated D:\phpStudy\WWW\gdjk\Application\Common\Common\function.php 第 77 行.
NOTIC: [8192] Function eregi() is deprecated D:\phpStudy\WWW\gdjk\Application\Common\Common\function.php 第 77 行.
NOTIC: [8192] Function eregi() is deprecated D:\phpStudy\WWW\gdjk\Application\Common\Common\function.php 第 79 行.
NOTIC: [8192] Function eregi() is deprecated D:\phpStudy\WWW\gdjk\Application\Common\Common\function.php 第 79 行.
SQL: SHOW COLUMNS FROM `web_carousel_list` [ RunTime:0.0184s ]
SQL: SELECT * FROM `web_carousel_list` WHERE ( img != '' and state > 0 ) ORDER BY orderby  [ RunTime:0.0004s ]
INFO: [ view_parse ] --START--
INFO: [ template_filter ] --START--
INFO: Run Behavior\ContentReplaceBehavior [ RunTime:0.000122s ]
INFO: [ template_filter ] --END-- [ RunTime:0.000171s ]
NOTIC: [8] Undefined variable: nownav D:\phpStudy\WWW\gdjk\Application\Runtime\Cache\Home\2a94b8bda04ff446dcedd42276fc99ee.php 第 95 行.
NOTIC: [8] Undefined variable: nownav D:\phpStudy\WWW\gdjk\Application\Runtime\Cache\Home\2a94b8bda04ff446dcedd42276fc99ee.php 第 96 行.
NOTIC: [8] Undefined variable: cate D:\phpStudy\WWW\gdjk\Application\Runtime\Cache\Home\2a94b8bda04ff446dcedd42276fc99ee.php 第 99 行.
NOTIC: [8] Undefined variable: nownav D:\phpStudy\WWW\gdjk\Application\Runtime\Cache\Home\2a94b8bda04ff446dcedd42276fc99ee.php 第 102 行.
NOTIC: [8] Undefined variable: nownav D:\phpStudy\WWW\gdjk\Application\Runtime\Cache\Home\2a94b8bda04ff446dcedd42276fc99ee.php 第 103 行.
NOTIC: [8] Undefined variable: nownav D:\phpStudy\WWW\gdjk\Application\Runtime\Cache\Home\2a94b8bda04ff446dcedd42276fc99ee.php 第 104 行.
NOTIC: [8] Undefined variable: nownav D:\phpStudy\WWW\gdjk\Application\Runtime\Cache\Home\2a94b8bda04ff446dcedd42276fc99ee.php 第 105 行.
NOTIC: [8] Undefined variable: list D:\phpStudy\WWW\gdjk\Application\Runtime\Cache\Home\2a94b8bda04ff446dcedd42276fc99ee.php 第 154 行.
NOTIC: [8] Undefined variable: page D:\phpStudy\WWW\gdjk\Application\Runtime\Cache\Home\2a94b8bda04ff446dcedd42276fc99ee.php 第 196 行.
NOTIC: [8] Undefined variable: qqname D:\phpStudy\WWW\gdjk\Application\Runtime\Cache\Home\2a94b8bda04ff446dcedd42276fc99ee.php 第 230 行.
NOTIC: [8] Undefined variable: tag D:\phpStudy\WWW\gdjk\Application\Runtime\Cache\Home\2a94b8bda04ff446dcedd42276fc99ee.php 第 273 行.
NOTIC: [8] Undefined variable: s_article D:\phpStudy\WWW\gdjk\Application\Runtime\Cache\Home\2a94b8bda04ff446dcedd42276fc99ee.php 第 286 行.
NOTIC: [8] Undefined variable: Liuyan D:\phpStudy\WWW\gdjk\Application\Runtime\Cache\Home\2a94b8bda04ff446dcedd42276fc99ee.php 第 309 行.
NOTIC: [8] Undefined variable: hits D:\phpStudy\WWW\gdjk\Application\Runtime\Cache\Home\2a94b8bda04ff446dcedd42276fc99ee.php 第 322 行.
NOTIC: [8] Undefined variable: link D:\phpStudy\WWW\gdjk\Application\Runtime\Cache\Home\2a94b8bda04ff446dcedd42276fc99ee.php 第 337 行.
NOTIC: [8] Undefined variable: qqname D:\phpStudy\WWW\gdjk\Application\Runtime\Cache\Home\2a94b8bda04ff446dcedd42276fc99ee.php 第 350 行.
INFO: Run Behavior\ParseTemplateBehavior [ RunTime:0.177233s ]
INFO: [ view_parse ] --END-- [ RunTime:0.177289s ]
INFO: [ view_filter ] --START--
INFO: Run Behavior\WriteHtmlCacheBehavior [ RunTime:0.000352s ]
INFO: [ view_filter ] --END-- [ RunTime:0.000387s ]
INFO: [ app_end ] --START--
INFO: Run Behavior\ShowPageTraceBehavior [ RunTime:0.001021s ]
INFO: [ app_end ] --END-- [ RunTime:0.001095s ]

[ 2018-02-26T11:01:04+08:00 ] 127.0.0.1 /Index/index.html
INFO: [ app_init ] --START--
INFO: Run Behavior\BuildLiteBehavior [ RunTime:0.000012s ]
INFO: [ app_init ] --END-- [ RunTime:0.000301s ]
INFO: [ app_begin ] --START--
INFO: Run Behavior\ReadHtmlCacheBehavior [ RunTime:0.000408s ]
INFO: [ app_begin ] --END-- [ RunTime:0.000454s ]
NOTIC: [8] Undefined index: code D:\phpStudy\WWW\gdjk\Application\Home\Controller\BaseController.class.php 第 24 行.
NOTIC: [8192] Function eregi() is deprecated D:\phpStudy\WWW\gdjk\Application\Common\Common\function.php 第 63 行.
NOTIC: [8192] Function eregi() is deprecated D:\phpStudy\WWW\gdjk\Application\Common\Common\function.php 第 65 行.
NOTIC: [8192] Function eregi() is deprecated D:\phpStudy\WWW\gdjk\Application\Common\Common\function.php 第 67 行.
NOTIC: [8192] Function ereg() is deprecated D:\phpStudy\WWW\gdjk\Application\Common\Common\function.php 第 67 行.
NOTIC: [8192] Function eregi() is deprecated D:\phpStudy\WWW\gdjk\Application\Common\Common\function.php 第 69 行.
NOTIC: [8192] Function eregi() is deprecated D:\phpStudy\WWW\gdjk\Application\Common\Common\function.php 第 69 行.
NOTIC: [8192] Function eregi() is deprecated D:\phpStudy\WWW\gdjk\Application\Common\Common\function.php 第 71 行.
NOTIC: [8192] Function eregi() is deprecated D:\phpStudy\WWW\gdjk\Application\Common\Common\function.php 第 71 行.
NOTIC: [8192] Function eregi() is deprecated D:\phpStudy\WWW\gdjk\Application\Common\Common\function.php 第 73 行.
NOTIC: [8192] Function eregi() is deprecated D:\phpStudy\WWW\gdjk\Application\Common\Common\function.php 第 73 行.
NOTIC: [8192] Function eregi() is deprecated D:\phpStudy\WWW\gdjk\Application\Common\Common\function.php 第 75 行.
NOTIC: [8192] Function eregi() is deprecated D:\phpStudy\WWW\gdjk\Application\Common\Common\function.php 第 75 行.
NOTIC: [8192] Function eregi() is deprecated D:\phpStudy\WWW\gdjk\Application\Common\Common\function.php 第 77 行.
NOTIC: [8192] Function eregi() is deprecated D:\phpStudy\WWW\gdjk\Application\Common\Common\function.php 第 77 行.
NOTIC: [8192] Function eregi() is deprecated D:\phpStudy\WWW\gdjk\Application\Common\Common\function.php 第 79 行.
NOTIC: [8192] Function eregi() is deprecated D:\phpStudy\WWW\gdjk\Application\Common\Common\function.php 第 79 行.
SQL: SHOW COLUMNS FROM `web_carousel_list` [ RunTime:0.0822s ]
SQL: SELECT * FROM `web_carousel_list` WHERE ( img != '' and state > 0 ) ORDER BY orderby  [ RunTime:0.0010s ]
INFO: [ view_parse ] --START--
INFO: [ template_filter ] --START--
INFO: Run Behavior\ContentReplaceBehavior [ RunTime:0.000212s ]
INFO: [ template_filter ] --END-- [ RunTime:0.000306s ]
NOTIC: [8] Undefined variable: nownav D:\phpStudy\WWW\gdjk\Application\Runtime\Cache\Home\2a94b8bda04ff446dcedd42276fc99ee.php 第 95 行.
NOTIC: [8] Undefined variable: nownav D:\phpStudy\WWW\gdjk\Application\Runtime\Cache\Home\2a94b8bda04ff446dcedd42276fc99ee.php 第 96 行.
NOTIC: [8] Undefined variable: cate D:\phpStudy\WWW\gdjk\Application\Runtime\Cache\Home\2a94b8bda04ff446dcedd42276fc99ee.php 第 99 行.
NOTIC: [8] Undefined variable: nownav D:\phpStudy\WWW\gdjk\Application\Runtime\Cache\Home\2a94b8bda04ff446dcedd42276fc99ee.php 第 102 行.
NOTIC: [8] Undefined variable: nownav D:\phpStudy\WWW\gdjk\Application\Runtime\Cache\Home\2a94b8bda04ff446dcedd42276fc99ee.php 第 103 行.
NOTIC: [8] Undefined variable: nownav D:\phpStudy\WWW\gdjk\Application\Runtime\Cache\Home\2a94b8bda04ff446dcedd42276fc99ee.php 第 104 行.
NOTIC: [8] Undefined variable: nownav D:\phpStudy\WWW\gdjk\Application\Runtime\Cache\Home\2a94b8bda04ff446dcedd42276fc99ee.php 第 105 行.
NOTIC: [8] Undefined variable: list D:\phpStudy\WWW\gdjk\Application\Runtime\Cache\Home\2a94b8bda04ff446dcedd42276fc99ee.php 第 154 行.
NOTIC: [8] Undefined variable: page D:\phpStudy\WWW\gdjk\Application\Runtime\Cache\Home\2a94b8bda04ff446dcedd42276fc99ee.php 第 196 行.
NOTIC: [8] Undefined variable: qqname D:\phpStudy\WWW\gdjk\Application\Runtime\Cache\Home\2a94b8bda04ff446dcedd42276fc99ee.php 第 230 行.
NOTIC: [8] Undefined variable: tag D:\phpStudy\WWW\gdjk\Application\Runtime\Cache\Home\2a94b8bda04ff446dcedd42276fc99ee.php 第 273 行.
NOTIC: [8] Undefined variable: s_article D:\phpStudy\WWW\gdjk\Application\Runtime\Cache\Home\2a94b8bda04ff446dcedd42276fc99ee.php 第 286 行.
NOTIC: [8] Undefined variable: Liuyan D:\phpStudy\WWW\gdjk\Application\Runtime\Cache\Home\2a94b8bda04ff446dcedd42276fc99ee.php 第 309 行.
NOTIC: [8] Undefined variable: hits D:\phpStudy\WWW\gdjk\Application\Runtime\Cache\Home\2a94b8bda04ff446dcedd42276fc99ee.php 第 322 行.
NOTIC: [8] Undefined variable: link D:\phpStudy\WWW\gdjk\Application\Runtime\Cache\Home\2a94b8bda04ff446dcedd42276fc99ee.php 第 337 行.
NOTIC: [8] Undefined variable: qqname D:\phpStudy\WWW\gdjk\Application\Runtime\Cache\Home\2a94b8bda04ff446dcedd42276fc99ee.php 第 350 行.
INFO: Run Behavior\ParseTemplateBehavior [ RunTime:0.188280s ]
INFO: [ view_parse ] --END-- [ RunTime:0.188365s ]
INFO: [ view_filter ] --START--
INFO: Run Behavior\WriteHtmlCacheBehavior [ RunTime:0.000227s ]
INFO: [ view_filter ] --END-- [ RunTime:0.000259s ]
INFO: [ app_end ] --START--
INFO: Run Behavior\ShowPageTraceBehavior [ RunTime:0.001185s ]
INFO: [ app_end ] --END-- [ RunTime:0.001259s ]

[ 2018-02-26T11:01:30+08:00 ] 127.0.0.1 /Index/index.html
INFO: [ app_init ] --START--
INFO: Run Behavior\BuildLiteBehavior [ RunTime:0.000012s ]
INFO: [ app_init ] --END-- [ RunTime:0.000356s ]
INFO: [ app_begin ] --START--
INFO: Run Behavior\ReadHtmlCacheBehavior [ RunTime:0.000856s ]
INFO: [ app_begin ] --END-- [ RunTime:0.000942s ]
NOTIC: [8] Undefined index: code D:\phpStudy\WWW\gdjk\Application\Home\Controller\BaseController.class.php 第 24 行.
NOTIC: [8192] Function eregi() is deprecated D:\phpStudy\WWW\gdjk\Application\Common\Common\function.php 第 63 行.
NOTIC: [8192] Function eregi() is deprecated D:\phpStudy\WWW\gdjk\Application\Common\Common\function.php 第 65 行.
NOTIC: [8192] Function eregi() is deprecated D:\phpStudy\WWW\gdjk\Application\Common\Common\function.php 第 67 行.
NOTIC: [8192] Function ereg() is deprecated D:\phpStudy\WWW\gdjk\Application\Common\Common\function.php 第 67 行.
NOTIC: [8192] Function eregi() is deprecated D:\phpStudy\WWW\gdjk\Application\Common\Common\function.php 第 69 行.
NOTIC: [8192] Function eregi() is deprecated D:\phpStudy\WWW\gdjk\Application\Common\Common\function.php 第 69 行.
NOTIC: [8192] Function eregi() is deprecated D:\phpStudy\WWW\gdjk\Application\Common\Common\function.php 第 71 行.
NOTIC: [8192] Function eregi() is deprecated D:\phpStudy\WWW\gdjk\Application\Common\Common\function.php 第 71 行.
NOTIC: [8192] Function eregi() is deprecated D:\phpStudy\WWW\gdjk\Application\Common\Common\function.php 第 73 行.
NOTIC: [8192] Function eregi() is deprecated D:\phpStudy\WWW\gdjk\Application\Common\Common\function.php 第 73 行.
NOTIC: [8192] Function eregi() is deprecated D:\phpStudy\WWW\gdjk\Application\Common\Common\function.php 第 75 行.
NOTIC: [8192] Function eregi() is deprecated D:\phpStudy\WWW\gdjk\Application\Common\Common\function.php 第 75 行.
NOTIC: [8192] Function eregi() is deprecated D:\phpStudy\WWW\gdjk\Application\Common\Common\function.php 第 77 行.
NOTIC: [8192] Function eregi() is deprecated D:\phpStudy\WWW\gdjk\Application\Common\Common\function.php 第 77 行.
NOTIC: [8192] Function eregi() is deprecated D:\phpStudy\WWW\gdjk\Application\Common\Common\function.php 第 79 行.
NOTIC: [8192] Function eregi() is deprecated D:\phpStudy\WWW\gdjk\Application\Common\Common\function.php 第 79 行.
ERR: 1146:Table 'gdjk.web_article' doesn't exist
 [ SQL语句 ] : SHOW COLUMNS FROM `web_article`
ERR: 1146:Table 'gdjk.web_article' doesn't exist
 [ SQL语句 ] : SHOW COLUMNS FROM `web_article`

[ 2018-02-26T11:01:34+08:00 ] 127.0.0.1 /Index/index.html
INFO: [ app_init ] --START--
INFO: Run Behavior\BuildLiteBehavior [ RunTime:0.000015s ]
INFO: [ app_init ] --END-- [ RunTime:0.000453s ]
INFO: [ app_begin ] --START--
INFO: Run Behavior\ReadHtmlCacheBehavior [ RunTime:0.000581s ]
INFO: [ app_begin ] --END-- [ RunTime:0.000651s ]
NOTIC: [8] Undefined index: code D:\phpStudy\WWW\gdjk\Application\Home\Controller\BaseController.class.php 第 24 行.
NOTIC: [8192] Function eregi() is deprecated D:\phpStudy\WWW\gdjk\Application\Common\Common\function.php 第 63 行.
NOTIC: [8192] Function eregi() is deprecated D:\phpStudy\WWW\gdjk\Application\Common\Common\function.php 第 65 行.
NOTIC: [8192] Function eregi() is deprecated D:\phpStudy\WWW\gdjk\Application\Common\Common\function.php 第 67 行.
NOTIC: [8192] Function ereg() is deprecated D:\phpStudy\WWW\gdjk\Application\Common\Common\function.php 第 67 行.
NOTIC: [8192] Function eregi() is deprecated D:\phpStudy\WWW\gdjk\Application\Common\Common\function.php 第 69 行.
NOTIC: [8192] Function eregi() is deprecated D:\phpStudy\WWW\gdjk\Application\Common\Common\function.php 第 69 行.
NOTIC: [8192] Function eregi() is deprecated D:\phpStudy\WWW\gdjk\Application\Common\Common\function.php 第 71 行.
NOTIC: [8192] Function eregi() is deprecated D:\phpStudy\WWW\gdjk\Application\Common\Common\function.php 第 71 行.
NOTIC: [8192] Function eregi() is deprecated D:\phpStudy\WWW\gdjk\Application\Common\Common\function.php 第 73 行.
NOTIC: [8192] Function eregi() is deprecated D:\phpStudy\WWW\gdjk\Application\Common\Common\function.php 第 73 行.
NOTIC: [8192] Function eregi() is deprecated D:\phpStudy\WWW\gdjk\Application\Common\Common\function.php 第 75 行.
NOTIC: [8192] Function eregi() is deprecated D:\phpStudy\WWW\gdjk\Application\Common\Common\function.php 第 75 行.
NOTIC: [8192] Function eregi() is deprecated D:\phpStudy\WWW\gdjk\Application\Common\Common\function.php 第 77 行.
NOTIC: [8192] Function eregi() is deprecated D:\phpStudy\WWW\gdjk\Application\Common\Common\function.php 第 77 行.
NOTIC: [8192] Function eregi() is deprecated D:\phpStudy\WWW\gdjk\Application\Common\Common\function.php 第 79 行.
NOTIC: [8192] Function eregi() is deprecated D:\phpStudy\WWW\gdjk\Application\Common\Common\function.php 第 79 行.
ERR: 1146:Table 'gdjk.web_article' doesn't exist
 [ SQL语句 ] : SHOW COLUMNS FROM `web_article`
ERR: 1146:Table 'gdjk.web_article' doesn't exist
 [ SQL语句 ] : SHOW COLUMNS FROM `web_article`

[ 2018-02-26T11:02:05+08:00 ] 127.0.0.1 /Index/index.html
INFO: [ app_init ] --START--
INFO: Run Behavior\BuildLiteBehavior [ RunTime:0.000012s ]
INFO: [ app_init ] --END-- [ RunTime:0.000364s ]
INFO: [ app_begin ] --START--
INFO: Run Behavior\ReadHtmlCacheBehavior [ RunTime:0.000575s ]
INFO: [ app_begin ] --END-- [ RunTime:0.000629s ]

[ 2018-02-26T11:02:07+08:00 ] 127.0.0.1 /Index/index.html
INFO: [ app_init ] --START--
INFO: Run Behavior\BuildLiteBehavior [ RunTime:0.000015s ]
INFO: [ app_init ] --END-- [ RunTime:0.000671s ]
INFO: [ app_begin ] --START--
INFO: Run Behavior\ReadHtmlCacheBehavior [ RunTime:0.000445s ]
INFO: [ app_begin ] --END-- [ RunTime:0.000497s ]

[ 2018-02-26T11:02:10+08:00 ] 127.0.0.1 /
INFO: [ app_init ] --START--
INFO: Run Behavior\BuildLiteBehavior [ RunTime:0.000014s ]
INFO: [ app_init ] --END-- [ RunTime:0.000366s ]
INFO: [ app_begin ] --START--
INFO: Run Behavior\ReadHtmlCacheBehavior [ RunTime:0.000440s ]
INFO: [ app_begin ] --END-- [ RunTime:0.000493s ]

[ 2018-02-26T16:31:28+08:00 ] 127.0.0.1 /Public/Admin/img/progress.gif
INFO: [ app_init ] --START--
INFO: Run Behavior\BuildLiteBehavior [ RunTime:0.000019s ]
INFO: [ app_init ] --END-- [ RunTime:0.000584s ]

[ 2018-02-26T16:31:30+08:00 ] 127.0.0.1 /Public/Admin/img/progress.gif
INFO: [ app_init ] --START--
INFO: Run Behavior\BuildLiteBehavior [ RunTime:0.000023s ]
INFO: [ app_init ] --END-- [ RunTime:0.000635s ]

[ 2018-02-26T16:32:07+08:00 ] 127.0.0.1 /Public/Admin/img/progress.gif
INFO: [ app_init ] --START--
INFO: Run Behavior\BuildLiteBehavior [ RunTime:0.000033s ]
INFO: [ app_init ] --END-- [ RunTime:0.000944s ]

[ 2018-02-26T16:33:26+08:00 ] 127.0.0.1 /Public/Admin/img/progress.gif
INFO: [ app_init ] --START--
INFO: Run Behavior\BuildLiteBehavior [ RunTime:0.000024s ]
INFO: [ app_init ] --END-- [ RunTime:0.000677s ]

[ 2018-02-26T16:34:12+08:00 ] 127.0.0.1 /Public/Admin/img/progress.gif
INFO: [ app_init ] --START--
INFO: Run Behavior\BuildLiteBehavior [ RunTime:0.000026s ]
INFO: [ app_init ] --END-- [ RunTime:0.000780s ]

[ 2018-02-26T16:34:17+08:00 ] 127.0.0.1 /Public/Admin/img/progress.gif
INFO: [ app_init ] --START--
INFO: Run Behavior\BuildLiteBehavior [ RunTime:0.000022s ]
INFO: [ app_init ] --END-- [ RunTime:0.000839s ]

