[ 2018-02-24T10:53:23+08:00 ] 127.0.0.1 /
INFO: [ app_init ] --START--
INFO: Run Behavior\BuildLiteBehavior [ RunTime:0.000015s ]
INFO: [ app_init ] --END-- [ RunTime:0.013579s ]
INFO: [ app_begin ] --START--
INFO: Run Behavior\ReadHtmlCacheBehavior [ RunTime:0.001557s ]
INFO: [ app_begin ] --END-- [ RunTime:0.001625s ]
NOTIC: [8] Undefined index: code D:\phpStudy\WWW\gdjk\Application\Home\Controller\BaseController.class.php 第 24 行.
NOTIC: [8192] Function eregi() is deprecated D:\phpStudy\WWW\gdjk\Application\Common\Common\function.php 第 63 行.
NOTIC: [8192] Function eregi() is deprecated D:\phpStudy\WWW\gdjk\Application\Common\Common\function.php 第 65 行.
NOTIC: [8192] Function eregi() is deprecated D:\phpStudy\WWW\gdjk\Application\Common\Common\function.php 第 67 行.
NOTIC: [8192] Function ereg() is deprecated D:\phpStudy\WWW\gdjk\Application\Common\Common\function.php 第 67 行.
NOTIC: [8192] Function eregi() is deprecated D:\phpStudy\WWW\gdjk\Application\Common\Common\function.php 第 69 行.
NOTIC: [8192] Function eregi() is deprecated D:\phpStudy\WWW\gdjk\Application\Common\Common\function.php 第 69 行.
NOTIC: [8192] Function eregi() is deprecated D:\phpStudy\WWW\gdjk\Application\Common\Common\function.php 第 71 行.
NOTIC: [8192] Function eregi() is deprecated D:\phpStudy\WWW\gdjk\Application\Common\Common\function.php 第 71 行.
NOTIC: [8192] Function eregi() is deprecated D:\phpStudy\WWW\gdjk\Application\Common\Common\function.php 第 73 行.
NOTIC: [8192] Function eregi() is deprecated D:\phpStudy\WWW\gdjk\Application\Common\Common\function.php 第 73 行.
NOTIC: [8192] Function eregi() is deprecated D:\phpStudy\WWW\gdjk\Application\Common\Common\function.php 第 75 行.
NOTIC: [8192] Function eregi() is deprecated D:\phpStudy\WWW\gdjk\Application\Common\Common\function.php 第 75 行.
NOTIC: [8192] Function eregi() is deprecated D:\phpStudy\WWW\gdjk\Application\Common\Common\function.php 第 77 行.
NOTIC: [8192] Function eregi() is deprecated D:\phpStudy\WWW\gdjk\Application\Common\Common\function.php 第 77 行.
NOTIC: [8192] Function eregi() is deprecated D:\phpStudy\WWW\gdjk\Application\Common\Common\function.php 第 79 行.
NOTIC: [8192] Function eregi() is deprecated D:\phpStudy\WWW\gdjk\Application\Common\Common\function.php 第 79 行.
SQL: SHOW COLUMNS FROM `web_article` [ RunTime:0.0616s ]
SQL: SELECT `a_keyword`,`a_id`,`create_time` FROM `web_article` WHERE ( a_keyword != '' and a_views > 0 ) ORDER BY create_time desc LIMIT 50   [ RunTime:0.0004s ]
SQL: SHOW COLUMNS FROM `web_carousel_list` [ RunTime:0.0307s ]
SQL: SELECT * FROM `web_carousel_list` WHERE ( img != '' and state > 0 ) ORDER BY orderby  [ RunTime:0.0005s ]
SQL: SHOW COLUMNS FROM `web_article_cate` [ RunTime:0.0258s ]
SQL: SELECT * FROM `web_article_cate`  [ RunTime:0.0003s ]
SQL: SHOW COLUMNS FROM `web_link` [ RunTime:0.0358s ]
SQL: SELECT * FROM `web_link` WHERE ( state = 1 ) ORDER BY orderby  [ RunTime:0.0004s ]
SQL: SHOW COLUMNS FROM `web_liuyan` [ RunTime:0.0258s ]
SQL: SELECT * FROM `web_liuyan` ORDER BY add_time desc LIMIT 4   [ RunTime:0.0004s ]
SQL: SELECT `a_id` FROM `web_article` WHERE ( a_views > 0 )  [ RunTime:0.0002s ]
NOTIC: [2] array_rand(): Second argument has to be between 1 and the number of elements in the array D:\phpStudy\WWW\gdjk\Application\Home\Controller\BaseController.class.php 第 84 行.
NOTIC: [8] Undefined index:  D:\phpStudy\WWW\gdjk\Application\Home\Controller\BaseController.class.php 第 86 行.
NOTIC: [8] Undefined index:  D:\phpStudy\WWW\gdjk\Application\Home\Controller\BaseController.class.php 第 87 行.
NOTIC: [8] Undefined index:  D:\phpStudy\WWW\gdjk\Application\Home\Controller\BaseController.class.php 第 88 行.
SQL: SELECT * FROM `web_article` WHERE `a_id` = null LIMIT 1   [ RunTime:0.0003s ]
SQL: SELECT * FROM `web_article` WHERE `a_id` = null LIMIT 1   [ RunTime:0.0002s ]
SQL: SELECT * FROM `web_article` WHERE `a_id` = null LIMIT 1   [ RunTime:0.0002s ]
SQL: SELECT `a_id`,`photo`,`a_title`,`a_remark`,`a_keyword`,`cate_id`,`create_time`,`last_time`,`a_content`,`a_views`,`a_type`,`a_red`,`a_from`,`a_writer`,`create_ip` FROM `web_article` WHERE ( a_views > 0 ) ORDER BY a_views desc LIMIT 12   [ RunTime:0.0003s ]
SQL: SHOW COLUMNS FROM `web_article` [ RunTime:0.0060s ]
SQL: SHOW COLUMNS FROM `web_article_cate` [ RunTime:0.0060s ]
SQL: SELECT * FROM `web_article_cate`  [ RunTime:0.0002s ]
SQL: SELECT COUNT(*) AS tp_count FROM `web_article` LIMIT 1   [ RunTime:0.0003s ]
SQL: SELECT * FROM `web_article` INNER JOIN web_article_cate ON web_article_cate.cate_id = web_article.cate_id  ORDER BY a_id desc LIMIT 0,6   [ RunTime:0.0006s ]
INFO: [ view_parse ] --START--
INFO: [ template_filter ] --START--
INFO: Run Behavior\ContentReplaceBehavior [ RunTime:0.000471s ]
INFO: [ template_filter ] --END-- [ RunTime:0.000527s ]
NOTIC: [8] Undefined variable: v D:\phpStudy\WWW\gdjk\Application\Runtime\Cache\Home\2a94b8bda04ff446dcedd42276fc99ee.php 第 171 行.
INFO: Run Behavior\ParseTemplateBehavior [ RunTime:0.536245s ]
INFO: [ view_parse ] --END-- [ RunTime:0.536319s ]
INFO: [ view_filter ] --START--
INFO: Run Behavior\WriteHtmlCacheBehavior [ RunTime:0.001391s ]
INFO: [ view_filter ] --END-- [ RunTime:0.001441s ]
INFO: [ app_end ] --START--
INFO: Run Behavior\ShowPageTraceBehavior [ RunTime:0.002592s ]
INFO: [ app_end ] --END-- [ RunTime:0.002750s ]

[ 2018-02-24T10:53:24+08:00 ] 127.0.0.1 /Uploads/images/2016-01-04/5689ced6df25d.jpg
INFO: [ app_init ] --START--
INFO: Run Behavior\BuildLiteBehavior [ RunTime:0.000013s ]
INFO: [ app_init ] --END-- [ RunTime:0.000411s ]

[ 2018-02-24T11:02:44+08:00 ] 127.0.0.1 /
INFO: [ app_init ] --START--
INFO: Run Behavior\BuildLiteBehavior [ RunTime:0.000014s ]
INFO: [ app_init ] --END-- [ RunTime:0.000644s ]
INFO: [ app_begin ] --START--
INFO: Run Behavior\ReadHtmlCacheBehavior [ RunTime:0.001029s ]
INFO: [ app_begin ] --END-- [ RunTime:0.001149s ]
NOTIC: [8] Undefined index: code D:\phpStudy\WWW\gdjk\Application\Home\Controller\BaseController.class.php 第 24 行.
NOTIC: [8192] Function eregi() is deprecated D:\phpStudy\WWW\gdjk\Application\Common\Common\function.php 第 63 行.
NOTIC: [8192] Function eregi() is deprecated D:\phpStudy\WWW\gdjk\Application\Common\Common\function.php 第 65 行.
NOTIC: [8192] Function eregi() is deprecated D:\phpStudy\WWW\gdjk\Application\Common\Common\function.php 第 67 行.
NOTIC: [8192] Function ereg() is deprecated D:\phpStudy\WWW\gdjk\Application\Common\Common\function.php 第 67 行.
NOTIC: [8192] Function eregi() is deprecated D:\phpStudy\WWW\gdjk\Application\Common\Common\function.php 第 69 行.
NOTIC: [8192] Function eregi() is deprecated D:\phpStudy\WWW\gdjk\Application\Common\Common\function.php 第 69 行.
NOTIC: [8192] Function eregi() is deprecated D:\phpStudy\WWW\gdjk\Application\Common\Common\function.php 第 71 行.
NOTIC: [8192] Function eregi() is deprecated D:\phpStudy\WWW\gdjk\Application\Common\Common\function.php 第 71 行.
NOTIC: [8192] Function eregi() is deprecated D:\phpStudy\WWW\gdjk\Application\Common\Common\function.php 第 73 行.
NOTIC: [8192] Function eregi() is deprecated D:\phpStudy\WWW\gdjk\Application\Common\Common\function.php 第 73 行.
NOTIC: [8192] Function eregi() is deprecated D:\phpStudy\WWW\gdjk\Application\Common\Common\function.php 第 75 行.
NOTIC: [8192] Function eregi() is deprecated D:\phpStudy\WWW\gdjk\Application\Common\Common\function.php 第 75 行.
NOTIC: [8192] Function eregi() is deprecated D:\phpStudy\WWW\gdjk\Application\Common\Common\function.php 第 77 行.
NOTIC: [8192] Function eregi() is deprecated D:\phpStudy\WWW\gdjk\Application\Common\Common\function.php 第 77 行.
NOTIC: [8192] Function eregi() is deprecated D:\phpStudy\WWW\gdjk\Application\Common\Common\function.php 第 79 行.
NOTIC: [8192] Function eregi() is deprecated D:\phpStudy\WWW\gdjk\Application\Common\Common\function.php 第 79 行.
SQL: SHOW COLUMNS FROM `web_article` [ RunTime:0.0173s ]
SQL: SELECT `a_keyword`,`a_id`,`create_time` FROM `web_article` WHERE ( a_keyword != '' and a_views > 0 ) ORDER BY create_time desc LIMIT 50   [ RunTime:0.0012s ]
SQL: SHOW COLUMNS FROM `web_carousel_list` [ RunTime:0.0191s ]
SQL: SELECT * FROM `web_carousel_list` WHERE ( img != '' and state > 0 ) ORDER BY orderby  [ RunTime:0.0011s ]
SQL: SHOW COLUMNS FROM `web_article_cate` [ RunTime:0.0154s ]
SQL: SELECT * FROM `web_article_cate`  [ RunTime:0.0009s ]
SQL: SHOW COLUMNS FROM `web_link` [ RunTime:0.0158s ]
SQL: SELECT * FROM `web_link` WHERE ( state = 1 ) ORDER BY orderby  [ RunTime:0.0003s ]
SQL: SHOW COLUMNS FROM `web_liuyan` [ RunTime:0.0169s ]
SQL: SELECT * FROM `web_liuyan` ORDER BY add_time desc LIMIT 4   [ RunTime:0.0003s ]
SQL: SELECT `a_id` FROM `web_article` WHERE ( a_views > 0 )  [ RunTime:0.0002s ]
NOTIC: [2] array_rand(): Second argument has to be between 1 and the number of elements in the array D:\phpStudy\WWW\gdjk\Application\Home\Controller\BaseController.class.php 第 84 行.
NOTIC: [8] Undefined index:  D:\phpStudy\WWW\gdjk\Application\Home\Controller\BaseController.class.php 第 86 行.
NOTIC: [8] Undefined index:  D:\phpStudy\WWW\gdjk\Application\Home\Controller\BaseController.class.php 第 87 行.
NOTIC: [8] Undefined index:  D:\phpStudy\WWW\gdjk\Application\Home\Controller\BaseController.class.php 第 88 行.
SQL: SELECT * FROM `web_article` WHERE `a_id` = null LIMIT 1   [ RunTime:0.0002s ]
SQL: SELECT * FROM `web_article` WHERE `a_id` = null LIMIT 1   [ RunTime:0.0002s ]
SQL: SELECT * FROM `web_article` WHERE `a_id` = null LIMIT 1   [ RunTime:0.0002s ]
SQL: SELECT `a_id`,`photo`,`a_title`,`a_remark`,`a_keyword`,`cate_id`,`create_time`,`last_time`,`a_content`,`a_views`,`a_type`,`a_red`,`a_from`,`a_writer`,`create_ip` FROM `web_article` WHERE ( a_views > 0 ) ORDER BY a_views desc LIMIT 12   [ RunTime:0.0002s ]
SQL: SHOW COLUMNS FROM `web_article` [ RunTime:0.0069s ]
SQL: SHOW COLUMNS FROM `web_article_cate` [ RunTime:0.0120s ]
SQL: SELECT * FROM `web_article_cate`  [ RunTime:0.0002s ]
SQL: SELECT COUNT(*) AS tp_count FROM `web_article` LIMIT 1   [ RunTime:0.0001s ]
SQL: SELECT * FROM `web_article` INNER JOIN web_article_cate ON web_article_cate.cate_id = web_article.cate_id  ORDER BY a_id desc LIMIT 0,6   [ RunTime:0.0003s ]
INFO: [ view_parse ] --START--
INFO: [ template_filter ] --START--
INFO: Run Behavior\ContentReplaceBehavior [ RunTime:0.000147s ]
INFO: [ template_filter ] --END-- [ RunTime:0.000207s ]
NOTIC: [8] Undefined variable: v D:\phpStudy\WWW\gdjk\Application\Runtime\Cache\Home\2a94b8bda04ff446dcedd42276fc99ee.php 第 171 行.
INFO: Run Behavior\ParseTemplateBehavior [ RunTime:0.286053s ]
INFO: [ view_parse ] --END-- [ RunTime:0.286137s ]
INFO: [ view_filter ] --START--
INFO: Run Behavior\WriteHtmlCacheBehavior [ RunTime:0.000787s ]
INFO: [ view_filter ] --END-- [ RunTime:0.000876s ]
INFO: [ app_end ] --START--
INFO: Run Behavior\ShowPageTraceBehavior [ RunTime:0.002211s ]
INFO: [ app_end ] --END-- [ RunTime:0.002688s ]

[ 2018-02-24T11:02:45+08:00 ] 127.0.0.1 /Uploads/images/2016-01-04/5689ced6df25d.jpg
INFO: [ app_init ] --START--
INFO: Run Behavior\BuildLiteBehavior [ RunTime:0.000014s ]
INFO: [ app_init ] --END-- [ RunTime:0.000414s ]

[ 2018-02-24T11:02:47+08:00 ] 127.0.0.1 /
INFO: [ app_init ] --START--
INFO: Run Behavior\BuildLiteBehavior [ RunTime:0.000014s ]
INFO: [ app_init ] --END-- [ RunTime:0.000388s ]
INFO: [ app_begin ] --START--
INFO: Run Behavior\ReadHtmlCacheBehavior [ RunTime:0.000701s ]
INFO: [ app_begin ] --END-- [ RunTime:0.000791s ]
NOTIC: [8] Undefined index: code D:\phpStudy\WWW\gdjk\Application\Home\Controller\BaseController.class.php 第 24 行.
NOTIC: [8192] Function eregi() is deprecated D:\phpStudy\WWW\gdjk\Application\Common\Common\function.php 第 63 行.
NOTIC: [8192] Function eregi() is deprecated D:\phpStudy\WWW\gdjk\Application\Common\Common\function.php 第 65 行.
NOTIC: [8192] Function eregi() is deprecated D:\phpStudy\WWW\gdjk\Application\Common\Common\function.php 第 67 行.
NOTIC: [8192] Function ereg() is deprecated D:\phpStudy\WWW\gdjk\Application\Common\Common\function.php 第 67 行.
NOTIC: [8192] Function eregi() is deprecated D:\phpStudy\WWW\gdjk\Application\Common\Common\function.php 第 69 行.
NOTIC: [8192] Function eregi() is deprecated D:\phpStudy\WWW\gdjk\Application\Common\Common\function.php 第 69 行.
NOTIC: [8192] Function eregi() is deprecated D:\phpStudy\WWW\gdjk\Application\Common\Common\function.php 第 71 行.
NOTIC: [8192] Function eregi() is deprecated D:\phpStudy\WWW\gdjk\Application\Common\Common\function.php 第 71 行.
NOTIC: [8192] Function eregi() is deprecated D:\phpStudy\WWW\gdjk\Application\Common\Common\function.php 第 73 行.
NOTIC: [8192] Function eregi() is deprecated D:\phpStudy\WWW\gdjk\Application\Common\Common\function.php 第 73 行.
NOTIC: [8192] Function eregi() is deprecated D:\phpStudy\WWW\gdjk\Application\Common\Common\function.php 第 75 行.
NOTIC: [8192] Function eregi() is deprecated D:\phpStudy\WWW\gdjk\Application\Common\Common\function.php 第 75 行.
NOTIC: [8192] Function eregi() is deprecated D:\phpStudy\WWW\gdjk\Application\Common\Common\function.php 第 77 行.
NOTIC: [8192] Function eregi() is deprecated D:\phpStudy\WWW\gdjk\Application\Common\Common\function.php 第 77 行.
NOTIC: [8192] Function eregi() is deprecated D:\phpStudy\WWW\gdjk\Application\Common\Common\function.php 第 79 行.
NOTIC: [8192] Function eregi() is deprecated D:\phpStudy\WWW\gdjk\Application\Common\Common\function.php 第 79 行.
SQL: SHOW COLUMNS FROM `web_article` [ RunTime:0.0146s ]
SQL: SELECT `a_keyword`,`a_id`,`create_time` FROM `web_article` WHERE ( a_keyword != '' and a_views > 0 ) ORDER BY create_time desc LIMIT 50   [ RunTime:0.0003s ]
SQL: SHOW COLUMNS FROM `web_carousel_list` [ RunTime:0.0111s ]
SQL: SELECT * FROM `web_carousel_list` WHERE ( img != '' and state > 0 ) ORDER BY orderby  [ RunTime:0.0005s ]
SQL: SHOW COLUMNS FROM `web_article_cate` [ RunTime:0.0122s ]
SQL: SELECT * FROM `web_article_cate`  [ RunTime:0.0003s ]
SQL: SHOW COLUMNS FROM `web_link` [ RunTime:0.0101s ]
SQL: SELECT * FROM `web_link` WHERE ( state = 1 ) ORDER BY orderby  [ RunTime:0.0005s ]
SQL: SHOW COLUMNS FROM `web_liuyan` [ RunTime:0.0109s ]
SQL: SELECT * FROM `web_liuyan` ORDER BY add_time desc LIMIT 4   [ RunTime:0.0003s ]
SQL: SELECT `a_id` FROM `web_article` WHERE ( a_views > 0 )  [ RunTime:0.0002s ]
NOTIC: [2] array_rand(): Second argument has to be between 1 and the number of elements in the array D:\phpStudy\WWW\gdjk\Application\Home\Controller\BaseController.class.php 第 84 行.
NOTIC: [8] Undefined index:  D:\phpStudy\WWW\gdjk\Application\Home\Controller\BaseController.class.php 第 86 行.
NOTIC: [8] Undefined index:  D:\phpStudy\WWW\gdjk\Application\Home\Controller\BaseController.class.php 第 87 行.
NOTIC: [8] Undefined index:  D:\phpStudy\WWW\gdjk\Application\Home\Controller\BaseController.class.php 第 88 行.
SQL: SELECT * FROM `web_article` WHERE `a_id` = null LIMIT 1   [ RunTime:0.0003s ]
SQL: SELECT * FROM `web_article` WHERE `a_id` = null LIMIT 1   [ RunTime:0.0003s ]
SQL: SELECT * FROM `web_article` WHERE `a_id` = null LIMIT 1   [ RunTime:0.0002s ]
SQL: SELECT `a_id`,`photo`,`a_title`,`a_remark`,`a_keyword`,`cate_id`,`create_time`,`last_time`,`a_content`,`a_views`,`a_type`,`a_red`,`a_from`,`a_writer`,`create_ip` FROM `web_article` WHERE ( a_views > 0 ) ORDER BY a_views desc LIMIT 12   [ RunTime:0.0003s ]
SQL: SHOW COLUMNS FROM `web_article` [ RunTime:0.0079s ]
SQL: SHOW COLUMNS FROM `web_article_cate` [ RunTime:0.0063s ]
SQL: SELECT * FROM `web_article_cate`  [ RunTime:0.0002s ]
SQL: SELECT COUNT(*) AS tp_count FROM `web_article` LIMIT 1   [ RunTime:0.0002s ]
SQL: SELECT * FROM `web_article` INNER JOIN web_article_cate ON web_article_cate.cate_id = web_article.cate_id  ORDER BY a_id desc LIMIT 0,6   [ RunTime:0.0003s ]
INFO: [ view_parse ] --START--
INFO: [ template_filter ] --START--
INFO: Run Behavior\ContentReplaceBehavior [ RunTime:0.000169s ]
INFO: [ template_filter ] --END-- [ RunTime:0.000236s ]
NOTIC: [8] Undefined variable: v D:\phpStudy\WWW\gdjk\Application\Runtime\Cache\Home\2a94b8bda04ff446dcedd42276fc99ee.php 第 171 行.
INFO: Run Behavior\ParseTemplateBehavior [ RunTime:0.180174s ]
INFO: [ view_parse ] --END-- [ RunTime:0.180220s ]
INFO: [ view_filter ] --START--
INFO: Run Behavior\WriteHtmlCacheBehavior [ RunTime:0.000228s ]
INFO: [ view_filter ] --END-- [ RunTime:0.000258s ]
INFO: [ app_end ] --START--
INFO: Run Behavior\ShowPageTraceBehavior [ RunTime:0.000477s ]
INFO: [ app_end ] --END-- [ RunTime:0.000522s ]

[ 2018-02-24T11:02:47+08:00 ] 127.0.0.1 /Uploads/images/2016-01-04/5689ced6df25d.jpg
INFO: [ app_init ] --START--
INFO: Run Behavior\BuildLiteBehavior [ RunTime:0.000015s ]
INFO: [ app_init ] --END-- [ RunTime:0.000494s ]

[ 2018-02-24T11:02:49+08:00 ] 127.0.0.1 /
INFO: [ app_init ] --START--
INFO: Run Behavior\BuildLiteBehavior [ RunTime:0.000016s ]
INFO: [ app_init ] --END-- [ RunTime:0.000483s ]
INFO: [ app_begin ] --START--
INFO: Run Behavior\ReadHtmlCacheBehavior [ RunTime:0.000902s ]
INFO: [ app_begin ] --END-- [ RunTime:0.001017s ]
NOTIC: [8] Undefined index: code D:\phpStudy\WWW\gdjk\Application\Home\Controller\BaseController.class.php 第 24 行.
NOTIC: [8192] Function eregi() is deprecated D:\phpStudy\WWW\gdjk\Application\Common\Common\function.php 第 63 行.
NOTIC: [8192] Function eregi() is deprecated D:\phpStudy\WWW\gdjk\Application\Common\Common\function.php 第 65 行.
NOTIC: [8192] Function eregi() is deprecated D:\phpStudy\WWW\gdjk\Application\Common\Common\function.php 第 67 行.
NOTIC: [8192] Function ereg() is deprecated D:\phpStudy\WWW\gdjk\Application\Common\Common\function.php 第 67 行.
NOTIC: [8192] Function eregi() is deprecated D:\phpStudy\WWW\gdjk\Application\Common\Common\function.php 第 69 行.
NOTIC: [8192] Function eregi() is deprecated D:\phpStudy\WWW\gdjk\Application\Common\Common\function.php 第 69 行.
NOTIC: [8192] Function eregi() is deprecated D:\phpStudy\WWW\gdjk\Application\Common\Common\function.php 第 71 行.
NOTIC: [8192] Function eregi() is deprecated D:\phpStudy\WWW\gdjk\Application\Common\Common\function.php 第 71 行.
NOTIC: [8192] Function eregi() is deprecated D:\phpStudy\WWW\gdjk\Application\Common\Common\function.php 第 73 行.
NOTIC: [8192] Function eregi() is deprecated D:\phpStudy\WWW\gdjk\Application\Common\Common\function.php 第 73 行.
NOTIC: [8192] Function eregi() is deprecated D:\phpStudy\WWW\gdjk\Application\Common\Common\function.php 第 75 行.
NOTIC: [8192] Function eregi() is deprecated D:\phpStudy\WWW\gdjk\Application\Common\Common\function.php 第 75 行.
NOTIC: [8192] Function eregi() is deprecated D:\phpStudy\WWW\gdjk\Application\Common\Common\function.php 第 77 行.
NOTIC: [8192] Function eregi() is deprecated D:\phpStudy\WWW\gdjk\Application\Common\Common\function.php 第 77 行.
NOTIC: [8192] Function eregi() is deprecated D:\phpStudy\WWW\gdjk\Application\Common\Common\function.php 第 79 行.
NOTIC: [8192] Function eregi() is deprecated D:\phpStudy\WWW\gdjk\Application\Common\Common\function.php 第 79 行.
SQL: SHOW COLUMNS FROM `web_article` [ RunTime:0.0137s ]
SQL: SELECT `a_keyword`,`a_id`,`create_time` FROM `web_article` WHERE ( a_keyword != '' and a_views > 0 ) ORDER BY create_time desc LIMIT 50   [ RunTime:0.0003s ]
SQL: SHOW COLUMNS FROM `web_carousel_list` [ RunTime:0.0099s ]
SQL: SELECT * FROM `web_carousel_list` WHERE ( img != '' and state > 0 ) ORDER BY orderby  [ RunTime:0.0004s ]
SQL: SHOW COLUMNS FROM `web_article_cate` [ RunTime:0.0084s ]
SQL: SELECT * FROM `web_article_cate`  [ RunTime:0.0002s ]
SQL: SHOW COLUMNS FROM `web_link` [ RunTime:0.0115s ]
SQL: SELECT * FROM `web_link` WHERE ( state = 1 ) ORDER BY orderby  [ RunTime:0.0003s ]
SQL: SHOW COLUMNS FROM `web_liuyan` [ RunTime:0.0129s ]
SQL: SELECT * FROM `web_liuyan` ORDER BY add_time desc LIMIT 4   [ RunTime:0.0003s ]
SQL: SELECT `a_id` FROM `web_article` WHERE ( a_views > 0 )  [ RunTime:0.0001s ]
NOTIC: [2] array_rand(): Second argument has to be between 1 and the number of elements in the array D:\phpStudy\WWW\gdjk\Application\Home\Controller\BaseController.class.php 第 84 行.
NOTIC: [8] Undefined index:  D:\phpStudy\WWW\gdjk\Application\Home\Controller\BaseController.class.php 第 86 行.
NOTIC: [8] Undefined index:  D:\phpStudy\WWW\gdjk\Application\Home\Controller\BaseController.class.php 第 87 行.
NOTIC: [8] Undefined index:  D:\phpStudy\WWW\gdjk\Application\Home\Controller\BaseController.class.php 第 88 行.
SQL: SELECT * FROM `web_article` WHERE `a_id` = null LIMIT 1   [ RunTime:0.0002s ]
SQL: SELECT * FROM `web_article` WHERE `a_id` = null LIMIT 1   [ RunTime:0.0002s ]
SQL: SELECT * FROM `web_article` WHERE `a_id` = null LIMIT 1   [ RunTime:0.0001s ]
SQL: SELECT `a_id`,`photo`,`a_title`,`a_remark`,`a_keyword`,`cate_id`,`create_time`,`last_time`,`a_content`,`a_views`,`a_type`,`a_red`,`a_from`,`a_writer`,`create_ip` FROM `web_article` WHERE ( a_views > 0 ) ORDER BY a_views desc LIMIT 12   [ RunTime:0.0002s ]
SQL: SHOW COLUMNS FROM `web_article` [ RunTime:0.0312s ]
SQL: SHOW COLUMNS FROM `web_article_cate` [ RunTime:0.0096s ]
SQL: SELECT * FROM `web_article_cate`  [ RunTime:0.0003s ]
SQL: SELECT COUNT(*) AS tp_count FROM `web_article` LIMIT 1   [ RunTime:0.0001s ]
SQL: SELECT * FROM `web_article` INNER JOIN web_article_cate ON web_article_cate.cate_id = web_article.cate_id  ORDER BY a_id desc LIMIT 0,6   [ RunTime:0.0004s ]
INFO: [ view_parse ] --START--
INFO: [ template_filter ] --START--
INFO: Run Behavior\ContentReplaceBehavior [ RunTime:0.000133s ]
INFO: [ template_filter ] --END-- [ RunTime:0.000185s ]
NOTIC: [8] Undefined variable: v D:\phpStudy\WWW\gdjk\Application\Runtime\Cache\Home\2a94b8bda04ff446dcedd42276fc99ee.php 第 171 行.
INFO: Run Behavior\ParseTemplateBehavior [ RunTime:0.178748s ]
INFO: [ view_parse ] --END-- [ RunTime:0.178810s ]
INFO: [ view_filter ] --START--
INFO: Run Behavior\WriteHtmlCacheBehavior [ RunTime:0.000486s ]
INFO: [ view_filter ] --END-- [ RunTime:0.000541s ]
INFO: [ app_end ] --START--
INFO: Run Behavior\ShowPageTraceBehavior [ RunTime:0.000885s ]
INFO: [ app_end ] --END-- [ RunTime:0.000966s ]

[ 2018-02-24T11:02:49+08:00 ] 127.0.0.1 /Uploads/images/2016-01-04/5689ced6df25d.jpg
INFO: [ app_init ] --START--
INFO: Run Behavior\BuildLiteBehavior [ RunTime:0.000022s ]
INFO: [ app_init ] --END-- [ RunTime:0.000574s ]

[ 2018-02-24T11:02:51+08:00 ] 127.0.0.1 /
INFO: [ app_init ] --START--
INFO: Run Behavior\BuildLiteBehavior [ RunTime:0.000016s ]
INFO: [ app_init ] --END-- [ RunTime:0.000475s ]
INFO: [ app_begin ] --START--
INFO: Run Behavior\ReadHtmlCacheBehavior [ RunTime:0.000718s ]
INFO: [ app_begin ] --END-- [ RunTime:0.000785s ]
NOTIC: [8] Undefined index: code D:\phpStudy\WWW\gdjk\Application\Home\Controller\BaseController.class.php 第 24 行.
NOTIC: [8192] Function eregi() is deprecated D:\phpStudy\WWW\gdjk\Application\Common\Common\function.php 第 63 行.
NOTIC: [8192] Function eregi() is deprecated D:\phpStudy\WWW\gdjk\Application\Common\Common\function.php 第 65 行.
NOTIC: [8192] Function eregi() is deprecated D:\phpStudy\WWW\gdjk\Application\Common\Common\function.php 第 67 行.
NOTIC: [8192] Function ereg() is deprecated D:\phpStudy\WWW\gdjk\Application\Common\Common\function.php 第 67 行.
NOTIC: [8192] Function eregi() is deprecated D:\phpStudy\WWW\gdjk\Application\Common\Common\function.php 第 69 行.
NOTIC: [8192] Function eregi() is deprecated D:\phpStudy\WWW\gdjk\Application\Common\Common\function.php 第 69 行.
NOTIC: [8192] Function eregi() is deprecated D:\phpStudy\WWW\gdjk\Application\Common\Common\function.php 第 71 行.
NOTIC: [8192] Function eregi() is deprecated D:\phpStudy\WWW\gdjk\Application\Common\Common\function.php 第 71 行.
NOTIC: [8192] Function eregi() is deprecated D:\phpStudy\WWW\gdjk\Application\Common\Common\function.php 第 73 行.
NOTIC: [8192] Function eregi() is deprecated D:\phpStudy\WWW\gdjk\Application\Common\Common\function.php 第 73 行.
NOTIC: [8192] Function eregi() is deprecated D:\phpStudy\WWW\gdjk\Application\Common\Common\function.php 第 75 行.
NOTIC: [8192] Function eregi() is deprecated D:\phpStudy\WWW\gdjk\Application\Common\Common\function.php 第 75 行.
NOTIC: [8192] Function eregi() is deprecated D:\phpStudy\WWW\gdjk\Application\Common\Common\function.php 第 77 行.
NOTIC: [8192] Function eregi() is deprecated D:\phpStudy\WWW\gdjk\Application\Common\Common\function.php 第 77 行.
NOTIC: [8192] Function eregi() is deprecated D:\phpStudy\WWW\gdjk\Application\Common\Common\function.php 第 79 行.
NOTIC: [8192] Function eregi() is deprecated D:\phpStudy\WWW\gdjk\Application\Common\Common\function.php 第 79 行.
SQL: SHOW COLUMNS FROM `web_article` [ RunTime:0.0152s ]
SQL: SELECT `a_keyword`,`a_id`,`create_time` FROM `web_article` WHERE ( a_keyword != '' and a_views > 0 ) ORDER BY create_time desc LIMIT 50   [ RunTime:0.0003s ]
SQL: SHOW COLUMNS FROM `web_carousel_list` [ RunTime:0.0092s ]
SQL: SELECT * FROM `web_carousel_list` WHERE ( img != '' and state > 0 ) ORDER BY orderby  [ RunTime:0.0008s ]
SQL: SHOW COLUMNS FROM `web_article_cate` [ RunTime:0.0100s ]
SQL: SELECT * FROM `web_article_cate`  [ RunTime:0.0003s ]
SQL: SHOW COLUMNS FROM `web_link` [ RunTime:0.0108s ]
SQL: SELECT * FROM `web_link` WHERE ( state = 1 ) ORDER BY orderby  [ RunTime:0.0003s ]
SQL: SHOW COLUMNS FROM `web_liuyan` [ RunTime:0.0097s ]
SQL: SELECT * FROM `web_liuyan` ORDER BY add_time desc LIMIT 4   [ RunTime:0.0006s ]
SQL: SELECT `a_id` FROM `web_article` WHERE ( a_views > 0 )  [ RunTime:0.0003s ]
NOTIC: [2] array_rand(): Second argument has to be between 1 and the number of elements in the array D:\phpStudy\WWW\gdjk\Application\Home\Controller\BaseController.class.php 第 84 行.
NOTIC: [8] Undefined index:  D:\phpStudy\WWW\gdjk\Application\Home\Controller\BaseController.class.php 第 86 行.
NOTIC: [8] Undefined index:  D:\phpStudy\WWW\gdjk\Application\Home\Controller\BaseController.class.php 第 87 行.
NOTIC: [8] Undefined index:  D:\phpStudy\WWW\gdjk\Application\Home\Controller\BaseController.class.php 第 88 行.
SQL: SELECT * FROM `web_article` WHERE `a_id` = null LIMIT 1   [ RunTime:0.0004s ]
SQL: SELECT * FROM `web_article` WHERE `a_id` = null LIMIT 1   [ RunTime:0.0002s ]
SQL: SELECT * FROM `web_article` WHERE `a_id` = null LIMIT 1   [ RunTime:0.0002s ]
SQL: SELECT `a_id`,`photo`,`a_title`,`a_remark`,`a_keyword`,`cate_id`,`create_time`,`last_time`,`a_content`,`a_views`,`a_type`,`a_red`,`a_from`,`a_writer`,`create_ip` FROM `web_article` WHERE ( a_views > 0 ) ORDER BY a_views desc LIMIT 12   [ RunTime:0.0002s ]
SQL: SHOW COLUMNS FROM `web_article` [ RunTime:0.0069s ]
SQL: SHOW COLUMNS FROM `web_article_cate` [ RunTime:0.0068s ]
SQL: SELECT * FROM `web_article_cate`  [ RunTime:0.0003s ]
SQL: SELECT COUNT(*) AS tp_count FROM `web_article` LIMIT 1   [ RunTime:0.0002s ]
SQL: SELECT * FROM `web_article` INNER JOIN web_article_cate ON web_article_cate.cate_id = web_article.cate_id  ORDER BY a_id desc LIMIT 0,6   [ RunTime:0.0004s ]
INFO: [ view_parse ] --START--
INFO: [ template_filter ] --START--
INFO: Run Behavior\ContentReplaceBehavior [ RunTime:0.000187s ]
INFO: [ template_filter ] --END-- [ RunTime:0.000265s ]
NOTIC: [8] Undefined variable: v D:\phpStudy\WWW\gdjk\Application\Runtime\Cache\Home\2a94b8bda04ff446dcedd42276fc99ee.php 第 171 行.
INFO: Run Behavior\ParseTemplateBehavior [ RunTime:0.187621s ]
INFO: [ view_parse ] --END-- [ RunTime:0.187683s ]
INFO: [ view_filter ] --START--
INFO: Run Behavior\WriteHtmlCacheBehavior [ RunTime:0.000375s ]
INFO: [ view_filter ] --END-- [ RunTime:0.000412s ]
INFO: [ app_end ] --START--
INFO: Run Behavior\ShowPageTraceBehavior [ RunTime:0.000677s ]
INFO: [ app_end ] --END-- [ RunTime:0.000730s ]

[ 2018-02-24T11:02:51+08:00 ] 127.0.0.1 /Uploads/images/2016-01-04/5689ced6df25d.jpg
INFO: [ app_init ] --START--
INFO: Run Behavior\BuildLiteBehavior [ RunTime:0.000024s ]
INFO: [ app_init ] --END-- [ RunTime:0.000753s ]

[ 2018-02-24T11:03:13+08:00 ] 127.0.0.1 /
INFO: [ app_init ] --START--
INFO: Run Behavior\BuildLiteBehavior [ RunTime:0.000025s ]
INFO: [ app_init ] --END-- [ RunTime:0.000620s ]
INFO: [ app_begin ] --START--
INFO: Run Behavior\ReadHtmlCacheBehavior [ RunTime:0.001004s ]
INFO: [ app_begin ] --END-- [ RunTime:0.001109s ]
NOTIC: [8] Undefined index: code D:\phpStudy\WWW\gdjk\Application\Home\Controller\BaseController.class.php 第 24 行.
NOTIC: [8192] Function eregi() is deprecated D:\phpStudy\WWW\gdjk\Application\Common\Common\function.php 第 63 行.
NOTIC: [8192] Function eregi() is deprecated D:\phpStudy\WWW\gdjk\Application\Common\Common\function.php 第 65 行.
NOTIC: [8192] Function eregi() is deprecated D:\phpStudy\WWW\gdjk\Application\Common\Common\function.php 第 67 行.
NOTIC: [8192] Function ereg() is deprecated D:\phpStudy\WWW\gdjk\Application\Common\Common\function.php 第 67 行.
NOTIC: [8192] Function eregi() is deprecated D:\phpStudy\WWW\gdjk\Application\Common\Common\function.php 第 69 行.
NOTIC: [8192] Function eregi() is deprecated D:\phpStudy\WWW\gdjk\Application\Common\Common\function.php 第 69 行.
NOTIC: [8192] Function eregi() is deprecated D:\phpStudy\WWW\gdjk\Application\Common\Common\function.php 第 71 行.
NOTIC: [8192] Function eregi() is deprecated D:\phpStudy\WWW\gdjk\Application\Common\Common\function.php 第 71 行.
NOTIC: [8192] Function eregi() is deprecated D:\phpStudy\WWW\gdjk\Application\Common\Common\function.php 第 73 行.
NOTIC: [8192] Function eregi() is deprecated D:\phpStudy\WWW\gdjk\Application\Common\Common\function.php 第 73 行.
NOTIC: [8192] Function eregi() is deprecated D:\phpStudy\WWW\gdjk\Application\Common\Common\function.php 第 75 行.
NOTIC: [8192] Function eregi() is deprecated D:\phpStudy\WWW\gdjk\Application\Common\Common\function.php 第 75 行.
NOTIC: [8192] Function eregi() is deprecated D:\phpStudy\WWW\gdjk\Application\Common\Common\function.php 第 77 行.
NOTIC: [8192] Function eregi() is deprecated D:\phpStudy\WWW\gdjk\Application\Common\Common\function.php 第 77 行.
NOTIC: [8192] Function eregi() is deprecated D:\phpStudy\WWW\gdjk\Application\Common\Common\function.php 第 79 行.
NOTIC: [8192] Function eregi() is deprecated D:\phpStudy\WWW\gdjk\Application\Common\Common\function.php 第 79 行.
ERR: 1146:Table 'gdjk.web_article' doesn't exist
 [ SQL语句 ] : SHOW COLUMNS FROM `web_article`
ERR: 1146:Table 'gdjk.web_article' doesn't exist
 [ SQL语句 ] : SHOW COLUMNS FROM `web_article`

[ 2018-02-24T11:05:04+08:00 ] 127.0.0.1 /
INFO: [ app_init ] --START--
INFO: Run Behavior\BuildLiteBehavior [ RunTime:0.000012s ]
INFO: [ app_init ] --END-- [ RunTime:0.000369s ]
INFO: [ app_begin ] --START--
INFO: Run Behavior\ReadHtmlCacheBehavior [ RunTime:0.000525s ]
INFO: [ app_begin ] --END-- [ RunTime:0.000576s ]
NOTIC: [8] Undefined index: code D:\phpStudy\WWW\gdjk\Application\Home\Controller\BaseController.class.php 第 24 行.
NOTIC: [8192] Function eregi() is deprecated D:\phpStudy\WWW\gdjk\Application\Common\Common\function.php 第 63 行.
NOTIC: [8192] Function eregi() is deprecated D:\phpStudy\WWW\gdjk\Application\Common\Common\function.php 第 65 行.
NOTIC: [8192] Function eregi() is deprecated D:\phpStudy\WWW\gdjk\Application\Common\Common\function.php 第 67 行.
NOTIC: [8192] Function ereg() is deprecated D:\phpStudy\WWW\gdjk\Application\Common\Common\function.php 第 67 行.
NOTIC: [8192] Function eregi() is deprecated D:\phpStudy\WWW\gdjk\Application\Common\Common\function.php 第 69 行.
NOTIC: [8192] Function eregi() is deprecated D:\phpStudy\WWW\gdjk\Application\Common\Common\function.php 第 69 行.
NOTIC: [8192] Function eregi() is deprecated D:\phpStudy\WWW\gdjk\Application\Common\Common\function.php 第 71 行.
NOTIC: [8192] Function eregi() is deprecated D:\phpStudy\WWW\gdjk\Application\Common\Common\function.php 第 71 行.
NOTIC: [8192] Function eregi() is deprecated D:\phpStudy\WWW\gdjk\Application\Common\Common\function.php 第 73 行.
NOTIC: [8192] Function eregi() is deprecated D:\phpStudy\WWW\gdjk\Application\Common\Common\function.php 第 73 行.
NOTIC: [8192] Function eregi() is deprecated D:\phpStudy\WWW\gdjk\Application\Common\Common\function.php 第 75 行.
NOTIC: [8192] Function eregi() is deprecated D:\phpStudy\WWW\gdjk\Application\Common\Common\function.php 第 75 行.
NOTIC: [8192] Function eregi() is deprecated D:\phpStudy\WWW\gdjk\Application\Common\Common\function.php 第 77 行.
NOTIC: [8192] Function eregi() is deprecated D:\phpStudy\WWW\gdjk\Application\Common\Common\function.php 第 77 行.
NOTIC: [8192] Function eregi() is deprecated D:\phpStudy\WWW\gdjk\Application\Common\Common\function.php 第 79 行.
NOTIC: [8192] Function eregi() is deprecated D:\phpStudy\WWW\gdjk\Application\Common\Common\function.php 第 79 行.
ERR: 1146:Table 'gdjk.web_article' doesn't exist
 [ SQL语句 ] : SHOW COLUMNS FROM `web_article`
ERR: 1146:Table 'gdjk.web_article' doesn't exist
 [ SQL语句 ] : SHOW COLUMNS FROM `web_article`

[ 2018-02-24T11:05:07+08:00 ] 127.0.0.1 /Public/Admin/img/progress.gif
INFO: [ app_init ] --START--
INFO: Run Behavior\BuildLiteBehavior [ RunTime:0.000032s ]
INFO: [ app_init ] --END-- [ RunTime:0.000699s ]

[ 2018-02-24T11:18:09+08:00 ] 127.0.0.1 /Public/Admin/img/progress.gif
INFO: [ app_init ] --START--
INFO: Run Behavior\BuildLiteBehavior [ RunTime:0.000025s ]
INFO: [ app_init ] --END-- [ RunTime:0.000900s ]

[ 2018-02-24T11:18:56+08:00 ] 127.0.0.1 /Public/Admin/img/progress.gif
INFO: [ app_init ] --START--
INFO: Run Behavior\BuildLiteBehavior [ RunTime:0.000014s ]
INFO: [ app_init ] --END-- [ RunTime:0.000539s ]

[ 2018-02-24T11:20:17+08:00 ] 127.0.0.1 /Public/Admin/img/progress.gif
INFO: [ app_init ] --START--
INFO: Run Behavior\BuildLiteBehavior [ RunTime:0.000025s ]
INFO: [ app_init ] --END-- [ RunTime:0.001212s ]

[ 2018-02-24T11:20:29+08:00 ] 127.0.0.1 /Public/Admin/img/progress.gif
INFO: [ app_init ] --START--
INFO: Run Behavior\BuildLiteBehavior [ RunTime:0.000027s ]
INFO: [ app_init ] --END-- [ RunTime:0.000704s ]

[ 2018-02-24T11:20:40+08:00 ] 127.0.0.1 /Public/Admin/img/progress.gif
INFO: [ app_init ] --START--
INFO: Run Behavior\BuildLiteBehavior [ RunTime:0.000025s ]
INFO: [ app_init ] --END-- [ RunTime:0.000630s ]

[ 2018-02-24T11:20:58+08:00 ] 127.0.0.1 /Public/Admin/img/progress.gif
INFO: [ app_init ] --START--
INFO: Run Behavior\BuildLiteBehavior [ RunTime:0.000026s ]
INFO: [ app_init ] --END-- [ RunTime:0.000647s ]

[ 2018-02-24T11:21:01+08:00 ] 127.0.0.1 /Public/Admin/img/progress.gif
INFO: [ app_init ] --START--
INFO: Run Behavior\BuildLiteBehavior [ RunTime:0.000025s ]
INFO: [ app_init ] --END-- [ RunTime:0.000715s ]

[ 2018-02-24T11:21:13+08:00 ] 127.0.0.1 /Public/Admin/img/progress.gif
INFO: [ app_init ] --START--
INFO: Run Behavior\BuildLiteBehavior [ RunTime:0.000024s ]
INFO: [ app_init ] --END-- [ RunTime:0.001046s ]

[ 2018-02-24T11:21:16+08:00 ] 127.0.0.1 /Public/Admin/img/progress.gif
INFO: [ app_init ] --START--
INFO: Run Behavior\BuildLiteBehavior [ RunTime:0.000025s ]
INFO: [ app_init ] --END-- [ RunTime:0.000615s ]

[ 2018-02-24T11:21:21+08:00 ] 127.0.0.1 /Public/Admin/img/progress.gif
INFO: [ app_init ] --START--
INFO: Run Behavior\BuildLiteBehavior [ RunTime:0.000024s ]
INFO: [ app_init ] --END-- [ RunTime:0.000689s ]

[ 2018-02-24T11:21:23+08:00 ] 127.0.0.1 /Public/Admin/img/progress.gif
INFO: [ app_init ] --START--
INFO: Run Behavior\BuildLiteBehavior [ RunTime:0.000026s ]
INFO: [ app_init ] --END-- [ RunTime:0.000622s ]

[ 2018-02-24T11:21:24+08:00 ] 127.0.0.1 /Public/Admin/img/progress.gif
INFO: [ app_init ] --START--
INFO: Run Behavior\BuildLiteBehavior [ RunTime:0.000021s ]
INFO: [ app_init ] --END-- [ RunTime:0.000912s ]

[ 2018-02-24T11:24:41+08:00 ] 127.0.0.1 /Public/Admin/img/progress.gif
INFO: [ app_init ] --START--
INFO: Run Behavior\BuildLiteBehavior [ RunTime:0.000023s ]
INFO: [ app_init ] --END-- [ RunTime:0.000658s ]

