[ 2018-01-24T11:38:44+08:00 ] 127.0.0.1 /admin/
INFO: [ app_init ] --START--
INFO: Run Behavior\BuildLiteBehavior [ RunTime:0.000019s ]
INFO: [ app_init ] --END-- [ RunTime:0.033408s ]
INFO: [ app_begin ] --START--
INFO: Run Behavior\ReadHtmlCacheBehavior [ RunTime:0.021304s ]
INFO: [ app_begin ] --END-- [ RunTime:0.021410s ]

[ 2018-01-24T11:38:44+08:00 ] 127.0.0.1 /Admin/login/index.html
INFO: [ app_init ] --START--
INFO: Run Behavior\BuildLiteBehavior [ RunTime:0.000014s ]
INFO: [ app_init ] --END-- [ RunTime:0.000355s ]
INFO: [ app_begin ] --START--
INFO: Run Behavior\ReadHtmlCacheBehavior [ RunTime:0.000466s ]
INFO: [ app_begin ] --END-- [ RunTime:0.000535s ]
INFO: [ view_parse ] --START--
INFO: [ template_filter ] --START--
INFO: Run Behavior\ContentReplaceBehavior [ RunTime:0.000379s ]
INFO: [ template_filter ] --END-- [ RunTime:0.000434s ]
INFO: Run Behavior\ParseTemplateBehavior [ RunTime:0.171879s ]
INFO: [ view_parse ] --END-- [ RunTime:0.171972s ]
INFO: [ view_filter ] --START--
INFO: Run Behavior\WriteHtmlCacheBehavior [ RunTime:0.015517s ]
INFO: [ view_filter ] --END-- [ RunTime:0.015561s ]
INFO: [ app_end ] --START--
INFO: Run Behavior\ShowPageTraceBehavior [ RunTime:0.010734s ]
INFO: [ app_end ] --END-- [ RunTime:0.010785s ]

[ 2018-01-24T11:38:49+08:00 ] 127.0.0.1 /Admin/Login/dologin
INFO: [ app_init ] --START--
INFO: Run Behavior\BuildLiteBehavior [ RunTime:0.000014s ]
INFO: [ app_init ] --END-- [ RunTime:0.000412s ]
INFO: [ app_begin ] --START--
INFO: Run Behavior\ReadHtmlCacheBehavior [ RunTime:0.000458s ]
INFO: [ app_begin ] --END-- [ RunTime:0.000514s ]
SQL: SHOW COLUMNS FROM `web_admin` [ RunTime:0.0315s ]
SQL: SELECT * FROM `web_admin` WHERE `user` = 'admin' AND `state` = 1 LIMIT 1   [ RunTime:0.0005s ]
SQL: UPDATE `web_admin` SET `last_logintime`='1516765129',`last_loginip`='127.0.0.1' WHERE `id` = 1 [ RunTime:0.0005s ]

[ 2018-01-24T11:38:50+08:00 ] 127.0.0.1 /Admin/Index/index.html
INFO: [ app_init ] --START--
INFO: Run Behavior\BuildLiteBehavior [ RunTime:0.000019s ]
INFO: [ app_init ] --END-- [ RunTime:0.000347s ]
INFO: [ app_begin ] --START--
INFO: Run Behavior\ReadHtmlCacheBehavior [ RunTime:0.000600s ]
INFO: [ app_begin ] --END-- [ RunTime:0.000667s ]
NOTIC: [8] Undefined index: menu_list D:\phpStudy\WWW\aaa\Application\Admin\Controller\BaseController.class.php 第 65 行.
NOTIC: [2] Invalid argument supplied for foreach() D:\phpStudy\WWW\aaa\Application\Admin\Controller\BaseController.class.php 第 65 行.
SQL: SHOW COLUMNS FROM `web_treenode` [ RunTime:0.0266s ]
SQL: SELECT * FROM `web_treenode` WHERE `menuflag` = 1 AND `status` = 1 ORDER BY sort  [ RunTime:0.0017s ]
INFO: [ view_parse ] --START--
INFO: [ template_filter ] --START--
INFO: Run Behavior\ContentReplaceBehavior [ RunTime:0.000198s ]
INFO: [ template_filter ] --END-- [ RunTime:0.000286s ]
NOTIC: [8] Undefined variable: Os D:\phpStudy\WWW\aaa\Application\Runtime\Cache\Admin\b595b808c2ebeeeb0478ffc30bb4e87a.php 第 111 行.
INFO: Run Behavior\ParseTemplateBehavior [ RunTime:0.389342s ]
INFO: [ view_parse ] --END-- [ RunTime:0.389418s ]
INFO: [ view_filter ] --START--
INFO: Run Behavior\WriteHtmlCacheBehavior [ RunTime:0.000766s ]
INFO: [ view_filter ] --END-- [ RunTime:0.000873s ]
INFO: [ app_end ] --START--
INFO: Run Behavior\ShowPageTraceBehavior [ RunTime:0.001260s ]
INFO: [ app_end ] --END-- [ RunTime:0.001393s ]

[ 2018-01-24T11:38:53+08:00 ] 127.0.0.1 /Admin/system/role.html
INFO: [ app_init ] --START--
INFO: Run Behavior\BuildLiteBehavior [ RunTime:0.000011s ]
INFO: [ app_init ] --END-- [ RunTime:0.000294s ]
INFO: [ app_begin ] --START--
INFO: Run Behavior\ReadHtmlCacheBehavior [ RunTime:0.001087s ]
INFO: [ app_begin ] --END-- [ RunTime:0.001166s ]
NOTIC: [8] Undefined index: menu_list D:\phpStudy\WWW\aaa\Application\Admin\Controller\BaseController.class.php 第 65 行.
NOTIC: [2] Invalid argument supplied for foreach() D:\phpStudy\WWW\aaa\Application\Admin\Controller\BaseController.class.php 第 65 行.
SQL: SHOW COLUMNS FROM `web_treenode` [ RunTime:0.0181s ]
SQL: SELECT * FROM `web_treenode` WHERE `menuflag` = 1 AND `status` = 1 ORDER BY sort  [ RunTime:0.0006s ]
SQL: SHOW COLUMNS FROM `web_role` [ RunTime:0.0168s ]
SQL: SELECT COUNT(*) AS tp_count FROM `web_role` LIMIT 1   [ RunTime:0.0002s ]
SQL: SELECT * FROM `web_role` ORDER BY id desc LIMIT 0,10   [ RunTime:0.0004s ]
INFO: [ view_parse ] --START--
INFO: [ template_filter ] --START--
INFO: Run Behavior\ContentReplaceBehavior [ RunTime:0.000086s ]
INFO: [ template_filter ] --END-- [ RunTime:0.000134s ]
NOTIC: [8] Undefined variable: Os D:\phpStudy\WWW\aaa\Application\Runtime\Cache\Admin\86174e1f3cc77f335ad91dcb745bd53f.php 第 149 行.
INFO: Run Behavior\ParseTemplateBehavior [ RunTime:0.198333s ]
INFO: [ view_parse ] --END-- [ RunTime:0.198397s ]
INFO: [ view_filter ] --START--
INFO: Run Behavior\WriteHtmlCacheBehavior [ RunTime:0.000373s ]
INFO: [ view_filter ] --END-- [ RunTime:0.000456s ]
INFO: [ app_end ] --START--
INFO: Run Behavior\ShowPageTraceBehavior [ RunTime:0.001093s ]
INFO: [ app_end ] --END-- [ RunTime:0.001190s ]

[ 2018-01-24T11:38:56+08:00 ] 127.0.0.1 /Admin/system/userlist.html
INFO: [ app_init ] --START--
INFO: Run Behavior\BuildLiteBehavior [ RunTime:0.000011s ]
INFO: [ app_init ] --END-- [ RunTime:0.000300s ]
INFO: [ app_begin ] --START--
INFO: Run Behavior\ReadHtmlCacheBehavior [ RunTime:0.000415s ]
INFO: [ app_begin ] --END-- [ RunTime:0.000464s ]
NOTIC: [8] Undefined index: menu_list D:\phpStudy\WWW\aaa\Application\Admin\Controller\BaseController.class.php 第 65 行.
NOTIC: [2] Invalid argument supplied for foreach() D:\phpStudy\WWW\aaa\Application\Admin\Controller\BaseController.class.php 第 65 行.
SQL: SHOW COLUMNS FROM `web_treenode` [ RunTime:0.0154s ]
SQL: SELECT * FROM `web_treenode` WHERE `menuflag` = 1 AND `status` = 1 ORDER BY sort  [ RunTime:0.0007s ]
SQL: SHOW COLUMNS FROM `web_role` [ RunTime:0.0115s ]
SQL: SHOW COLUMNS FROM `web_admin` [ RunTime:0.0136s ]
SQL: SELECT COUNT(*) AS tp_count FROM `web_admin` WHERE ( role != 0 ) LIMIT 1   [ RunTime:0.0003s ]
SQL: SELECT * FROM `web_admin` WHERE ( role != 0 ) ORDER BY id desc LIMIT 0,10   [ RunTime:0.0006s ]
SQL: SELECT * FROM `web_role`  [ RunTime:0.0003s ]
INFO: [ view_parse ] --START--
INFO: [ template_filter ] --START--
INFO: Run Behavior\ContentReplaceBehavior [ RunTime:0.000098s ]
INFO: [ template_filter ] --END-- [ RunTime:0.000156s ]
NOTIC: [8] Undefined variable: Os D:\phpStudy\WWW\aaa\Application\Runtime\Cache\Admin\0abc04ef7f29fab7e9aa3e4960b2705d.php 第 149 行.
INFO: Run Behavior\ParseTemplateBehavior [ RunTime:0.268080s ]
INFO: [ view_parse ] --END-- [ RunTime:0.268223s ]
INFO: [ view_filter ] --START--
INFO: Run Behavior\WriteHtmlCacheBehavior [ RunTime:0.000666s ]
INFO: [ view_filter ] --END-- [ RunTime:0.000726s ]
INFO: [ app_end ] --START--
INFO: Run Behavior\ShowPageTraceBehavior [ RunTime:0.000559s ]
INFO: [ app_end ] --END-- [ RunTime:0.000608s ]

[ 2018-01-24T11:38:59+08:00 ] 127.0.0.1 /Admin/system/indexnotice.html
INFO: [ app_init ] --START--
INFO: Run Behavior\BuildLiteBehavior [ RunTime:0.000013s ]
INFO: [ app_init ] --END-- [ RunTime:0.000338s ]
INFO: [ app_begin ] --START--
INFO: Run Behavior\ReadHtmlCacheBehavior [ RunTime:0.000417s ]
INFO: [ app_begin ] --END-- [ RunTime:0.000477s ]
NOTIC: [8] Undefined index: menu_list D:\phpStudy\WWW\aaa\Application\Admin\Controller\BaseController.class.php 第 65 行.
NOTIC: [2] Invalid argument supplied for foreach() D:\phpStudy\WWW\aaa\Application\Admin\Controller\BaseController.class.php 第 65 行.
SQL: SHOW COLUMNS FROM `web_treenode` [ RunTime:0.0167s ]
SQL: SELECT * FROM `web_treenode` WHERE `menuflag` = 1 AND `status` = 1 ORDER BY sort  [ RunTime:0.0006s ]
SQL: SHOW COLUMNS FROM `web_notice` [ RunTime:0.0143s ]
SQL: SELECT COUNT(*) AS tp_count FROM `web_notice` LIMIT 1   [ RunTime:0.0002s ]
SQL: SELECT * FROM `web_notice` ORDER BY id desc LIMIT 0,10   [ RunTime:0.0003s ]
INFO: [ view_parse ] --START--
INFO: [ template_filter ] --START--
INFO: Run Behavior\ContentReplaceBehavior [ RunTime:0.000097s ]
INFO: [ template_filter ] --END-- [ RunTime:0.000145s ]
NOTIC: [8] Undefined variable: Os D:\phpStudy\WWW\aaa\Application\Runtime\Cache\Admin\de1ad2fc2b1f366aab3cdbd712582bcc.php 第 149 行.
INFO: Run Behavior\ParseTemplateBehavior [ RunTime:0.426620s ]
INFO: [ view_parse ] --END-- [ RunTime:0.426666s ]
INFO: [ view_filter ] --START--
INFO: Run Behavior\WriteHtmlCacheBehavior [ RunTime:0.000248s ]
INFO: [ view_filter ] --END-- [ RunTime:0.000279s ]
INFO: [ app_end ] --START--
INFO: Run Behavior\ShowPageTraceBehavior [ RunTime:0.000666s ]
INFO: [ app_end ] --END-- [ RunTime:0.000739s ]

[ 2018-01-24T11:39:00+08:00 ] 127.0.0.1 /Admin/system/carousel_list.html
INFO: [ app_init ] --START--
INFO: Run Behavior\BuildLiteBehavior [ RunTime:0.000014s ]
INFO: [ app_init ] --END-- [ RunTime:0.000353s ]
INFO: [ app_begin ] --START--
INFO: Run Behavior\ReadHtmlCacheBehavior [ RunTime:0.000454s ]
INFO: [ app_begin ] --END-- [ RunTime:0.000509s ]
NOTIC: [8] Undefined index: menu_list D:\phpStudy\WWW\aaa\Application\Admin\Controller\BaseController.class.php 第 65 行.
NOTIC: [2] Invalid argument supplied for foreach() D:\phpStudy\WWW\aaa\Application\Admin\Controller\BaseController.class.php 第 65 行.
SQL: SHOW COLUMNS FROM `web_treenode` [ RunTime:0.0148s ]
SQL: SELECT * FROM `web_treenode` WHERE `menuflag` = 1 AND `status` = 1 ORDER BY sort  [ RunTime:0.0006s ]
SQL: SHOW COLUMNS FROM `web_carousel_list` [ RunTime:0.0130s ]
SQL: SELECT COUNT(*) AS tp_count FROM `web_carousel_list` LIMIT 1   [ RunTime:0.0003s ]
SQL: SELECT * FROM `web_carousel_list` ORDER BY id desc LIMIT 0,10   [ RunTime:0.0005s ]
INFO: [ view_parse ] --START--
INFO: [ template_filter ] --START--
INFO: Run Behavior\ContentReplaceBehavior [ RunTime:0.000109s ]
INFO: [ template_filter ] --END-- [ RunTime:0.000160s ]
NOTIC: [8] Undefined variable: Os D:\phpStudy\WWW\aaa\Application\Runtime\Cache\Admin\90daddc669d797e3fcaec719b01b42ba.php 第 149 行.
INFO: Run Behavior\ParseTemplateBehavior [ RunTime:0.221496s ]
INFO: [ view_parse ] --END-- [ RunTime:0.221570s ]
INFO: [ view_filter ] --START--
INFO: Run Behavior\WriteHtmlCacheBehavior [ RunTime:0.000223s ]
INFO: [ view_filter ] --END-- [ RunTime:0.000265s ]
INFO: [ app_end ] --START--
INFO: Run Behavior\ShowPageTraceBehavior [ RunTime:0.000453s ]
INFO: [ app_end ] --END-- [ RunTime:0.000492s ]

[ 2018-01-24T11:39:01+08:00 ] 127.0.0.1 /Admin/system/navlist.html
INFO: [ app_init ] --START--
INFO: Run Behavior\BuildLiteBehavior [ RunTime:0.000013s ]
INFO: [ app_init ] --END-- [ RunTime:0.000329s ]
INFO: [ app_begin ] --START--
INFO: Run Behavior\ReadHtmlCacheBehavior [ RunTime:0.000407s ]
INFO: [ app_begin ] --END-- [ RunTime:0.000453s ]
NOTIC: [8] Undefined index: menu_list D:\phpStudy\WWW\aaa\Application\Admin\Controller\BaseController.class.php 第 65 行.
NOTIC: [2] Invalid argument supplied for foreach() D:\phpStudy\WWW\aaa\Application\Admin\Controller\BaseController.class.php 第 65 行.
SQL: SHOW COLUMNS FROM `web_treenode` [ RunTime:0.0212s ]
SQL: SELECT * FROM `web_treenode` WHERE `menuflag` = 1 AND `status` = 1 ORDER BY sort  [ RunTime:0.0010s ]
SQL: SHOW COLUMNS FROM `web_treenode` [ RunTime:0.0067s ]
SQL: SELECT * FROM `web_treenode` WHERE `menuflag` = 1 AND `pid` = 1 ORDER BY sort  [ RunTime:0.0006s ]
SQL: SELECT * FROM `web_treenode` WHERE `menuflag` = 1 AND `pid` = 2  [ RunTime:0.0003s ]
SQL: SELECT * FROM `web_treenode` WHERE `menuflag` = 1 AND `pid` = 100  [ RunTime:0.0003s ]
SQL: SELECT * FROM `web_treenode` WHERE `menuflag` = 1 AND `pid` = 200  [ RunTime:0.0003s ]
SQL: SELECT * FROM `web_treenode` WHERE `menuflag` = 1 AND `pid` = 700  [ RunTime:0.0004s ]
SQL: SELECT * FROM `web_treenode` WHERE `menuflag` = 1 AND `pid` = 800  [ RunTime:0.0004s ]
SQL: SELECT * FROM `web_treenode` WHERE `menuflag` = 1 AND `pid` = 720  [ RunTime:0.0004s ]
SQL: SELECT * FROM `web_treenode` WHERE `menuflag` = 1 AND `pid` = 730  [ RunTime:0.0004s ]
SQL: SELECT * FROM `web_treenode` WHERE `menuflag` = 1 AND `pid` = 740  [ RunTime:0.0004s ]
SQL: SELECT * FROM `web_treenode` WHERE `menuflag` = 1 AND `pid` = 817  [ RunTime:0.0003s ]
SQL: SELECT * FROM `web_treenode` WHERE `menuflag` = 1 AND `pid` = 307  [ RunTime:0.0003s ]
INFO: [ view_parse ] --START--
INFO: [ template_filter ] --START--
INFO: Run Behavior\ContentReplaceBehavior [ RunTime:0.000289s ]
INFO: [ template_filter ] --END-- [ RunTime:0.000394s ]
NOTIC: [8] Undefined variable: Os D:\phpStudy\WWW\aaa\Application\Runtime\Cache\Admin\cb1a118abfb3547b7b90e3b4811bd917.php 第 149 行.
NOTIC: [8] Undefined variable: page D:\phpStudy\WWW\aaa\Application\Runtime\Cache\Admin\cb1a118abfb3547b7b90e3b4811bd917.php 第 233 行.
INFO: Run Behavior\ParseTemplateBehavior [ RunTime:0.287318s ]
INFO: [ view_parse ] --END-- [ RunTime:0.287383s ]
INFO: [ view_filter ] --START--
INFO: Run Behavior\WriteHtmlCacheBehavior [ RunTime:0.000356s ]
INFO: [ view_filter ] --END-- [ RunTime:0.000392s ]
INFO: [ app_end ] --START--
INFO: Run Behavior\ShowPageTraceBehavior [ RunTime:0.000716s ]
INFO: [ app_end ] --END-- [ RunTime:0.000813s ]

[ 2018-01-24T11:39:02+08:00 ] 127.0.0.1 /Admin/system/role.html
INFO: [ app_init ] --START--
INFO: Run Behavior\BuildLiteBehavior [ RunTime:0.000012s ]
INFO: [ app_init ] --END-- [ RunTime:0.000330s ]
INFO: [ app_begin ] --START--
INFO: Run Behavior\ReadHtmlCacheBehavior [ RunTime:0.000428s ]
INFO: [ app_begin ] --END-- [ RunTime:0.000479s ]
NOTIC: [8] Undefined index: menu_list D:\phpStudy\WWW\aaa\Application\Admin\Controller\BaseController.class.php 第 65 行.
NOTIC: [2] Invalid argument supplied for foreach() D:\phpStudy\WWW\aaa\Application\Admin\Controller\BaseController.class.php 第 65 行.
SQL: SHOW COLUMNS FROM `web_treenode` [ RunTime:0.0170s ]
SQL: SELECT * FROM `web_treenode` WHERE `menuflag` = 1 AND `status` = 1 ORDER BY sort  [ RunTime:0.0007s ]
SQL: SHOW COLUMNS FROM `web_role` [ RunTime:0.0102s ]
SQL: SELECT COUNT(*) AS tp_count FROM `web_role` LIMIT 1   [ RunTime:0.0002s ]
SQL: SELECT * FROM `web_role` ORDER BY id desc LIMIT 0,10   [ RunTime:0.0003s ]
INFO: [ view_parse ] --START--
INFO: [ template_filter ] --START--
INFO: Run Behavior\ContentReplaceBehavior [ RunTime:0.000132s ]
INFO: [ template_filter ] --END-- [ RunTime:0.000252s ]
NOTIC: [8] Undefined variable: Os D:\phpStudy\WWW\aaa\Application\Runtime\Cache\Admin\86174e1f3cc77f335ad91dcb745bd53f.php 第 149 行.
INFO: Run Behavior\ParseTemplateBehavior [ RunTime:0.090092s ]
INFO: [ view_parse ] --END-- [ RunTime:0.090163s ]
INFO: [ view_filter ] --START--
INFO: Run Behavior\WriteHtmlCacheBehavior [ RunTime:0.000215s ]
INFO: [ view_filter ] --END-- [ RunTime:0.000246s ]
INFO: [ app_end ] --START--
INFO: Run Behavior\ShowPageTraceBehavior [ RunTime:0.000454s ]
INFO: [ app_end ] --END-- [ RunTime:0.000501s ]

[ 2018-01-24T11:39:04+08:00 ] 127.0.0.1 /Admin/system/userlist.html
INFO: [ app_init ] --START--
INFO: Run Behavior\BuildLiteBehavior [ RunTime:0.000014s ]
INFO: [ app_init ] --END-- [ RunTime:0.000381s ]
INFO: [ app_begin ] --START--
INFO: Run Behavior\ReadHtmlCacheBehavior [ RunTime:0.000472s ]
INFO: [ app_begin ] --END-- [ RunTime:0.000541s ]
NOTIC: [8] Undefined index: menu_list D:\phpStudy\WWW\aaa\Application\Admin\Controller\BaseController.class.php 第 65 行.
NOTIC: [2] Invalid argument supplied for foreach() D:\phpStudy\WWW\aaa\Application\Admin\Controller\BaseController.class.php 第 65 行.
SQL: SHOW COLUMNS FROM `web_treenode` [ RunTime:0.0180s ]
SQL: SELECT * FROM `web_treenode` WHERE `menuflag` = 1 AND `status` = 1 ORDER BY sort  [ RunTime:0.0008s ]
SQL: SHOW COLUMNS FROM `web_role` [ RunTime:0.0160s ]
SQL: SHOW COLUMNS FROM `web_admin` [ RunTime:0.0116s ]
SQL: SELECT COUNT(*) AS tp_count FROM `web_admin` WHERE ( role != 0 ) LIMIT 1   [ RunTime:0.0003s ]
SQL: SELECT * FROM `web_admin` WHERE ( role != 0 ) ORDER BY id desc LIMIT 0,10   [ RunTime:0.0005s ]
SQL: SELECT * FROM `web_role`  [ RunTime:0.0004s ]
INFO: [ view_parse ] --START--
INFO: [ template_filter ] --START--
INFO: Run Behavior\ContentReplaceBehavior [ RunTime:0.000092s ]
INFO: [ template_filter ] --END-- [ RunTime:0.000145s ]
NOTIC: [8] Undefined variable: Os D:\phpStudy\WWW\aaa\Application\Runtime\Cache\Admin\0abc04ef7f29fab7e9aa3e4960b2705d.php 第 149 行.
INFO: Run Behavior\ParseTemplateBehavior [ RunTime:0.130331s ]
INFO: [ view_parse ] --END-- [ RunTime:0.130405s ]
INFO: [ view_filter ] --START--
INFO: Run Behavior\WriteHtmlCacheBehavior [ RunTime:0.000352s ]
INFO: [ view_filter ] --END-- [ RunTime:0.000449s ]
INFO: [ app_end ] --START--
INFO: Run Behavior\ShowPageTraceBehavior [ RunTime:0.000725s ]
INFO: [ app_end ] --END-- [ RunTime:0.000795s ]

[ 2018-01-24T11:39:09+08:00 ] 127.0.0.1 /Admin/System/adduser.html
INFO: [ app_init ] --START--
INFO: Run Behavior\BuildLiteBehavior [ RunTime:0.000012s ]
INFO: [ app_init ] --END-- [ RunTime:0.000355s ]
INFO: [ app_begin ] --START--
INFO: Run Behavior\ReadHtmlCacheBehavior [ RunTime:0.000415s ]
INFO: [ app_begin ] --END-- [ RunTime:0.000480s ]
NOTIC: [8] Undefined index: menu_list D:\phpStudy\WWW\aaa\Application\Admin\Controller\BaseController.class.php 第 65 行.
NOTIC: [2] Invalid argument supplied for foreach() D:\phpStudy\WWW\aaa\Application\Admin\Controller\BaseController.class.php 第 65 行.
SQL: SHOW COLUMNS FROM `web_treenode` [ RunTime:0.0125s ]
SQL: SELECT * FROM `web_treenode` WHERE `menuflag` = 1 AND `status` = 1 ORDER BY sort  [ RunTime:0.0006s ]
SQL: SHOW COLUMNS FROM `web_role` [ RunTime:0.0102s ]
SQL: SELECT * FROM `web_role` WHERE `status` = 1  [ RunTime:0.0004s ]
INFO: [ view_parse ] --START--
INFO: [ template_filter ] --START--
INFO: Run Behavior\ContentReplaceBehavior [ RunTime:0.000096s ]
INFO: [ template_filter ] --END-- [ RunTime:0.000140s ]
NOTIC: [8] Undefined variable: Os D:\phpStudy\WWW\aaa\Application\Runtime\Cache\Admin\a42586443ff178d93d0e9508c339c414.php 第 148 行.
NOTIC: [8] Undefined variable: nowtime D:\phpStudy\WWW\aaa\Application\Runtime\Cache\Admin\a42586443ff178d93d0e9508c339c414.php 第 303 行.
INFO: Run Behavior\ParseTemplateBehavior [ RunTime:0.250331s ]
INFO: [ view_parse ] --END-- [ RunTime:0.250406s ]
INFO: [ view_filter ] --START--
INFO: Run Behavior\WriteHtmlCacheBehavior [ RunTime:0.000473s ]
INFO: [ view_filter ] --END-- [ RunTime:0.000536s ]
INFO: [ app_end ] --START--
INFO: Run Behavior\ShowPageTraceBehavior [ RunTime:0.003785s ]
INFO: [ app_end ] --END-- [ RunTime:0.003889s ]

[ 2018-01-24T11:39:09+08:00 ] 127.0.0.1 /Admin/System/
INFO: [ app_init ] --START--
INFO: Run Behavior\BuildLiteBehavior [ RunTime:0.000024s ]
INFO: [ app_init ] --END-- [ RunTime:0.000656s ]
INFO: [ app_begin ] --START--
INFO: Run Behavior\ReadHtmlCacheBehavior [ RunTime:0.000754s ]
INFO: [ app_begin ] --END-- [ RunTime:0.000872s ]
NOTIC: [8] Undefined index: menu_list D:\phpStudy\WWW\aaa\Application\Admin\Controller\BaseController.class.php 第 65 行.
NOTIC: [2] Invalid argument supplied for foreach() D:\phpStudy\WWW\aaa\Application\Admin\Controller\BaseController.class.php 第 65 行.
SQL: SHOW COLUMNS FROM `web_treenode` [ RunTime:0.0168s ]
SQL: SELECT * FROM `web_treenode` WHERE `menuflag` = 1 AND `status` = 1 ORDER BY sort  [ RunTime:0.0010s ]
ERR: 非法操作:index

[ 2018-01-24T11:39:32+08:00 ] 127.0.0.1 /Admin/Upload/uploaduserimg.html
INFO: [ app_init ] --START--
INFO: Run Behavior\BuildLiteBehavior [ RunTime:0.000013s ]
INFO: [ app_init ] --END-- [ RunTime:0.000342s ]
INFO: [ app_begin ] --START--
INFO: Run Behavior\ReadHtmlCacheBehavior [ RunTime:0.000456s ]
INFO: [ app_begin ] --END-- [ RunTime:0.000520s ]
NOTIC: [2] call_user_func() expects parameter 1 to be a valid callback, no array or string given D:\phpStudy\WWW\aaa\ThinkPHP\Library\Think\Upload.class.php 第 170 行.
INFO: [ app_end ] --START--
INFO: Run Behavior\ShowPageTraceBehavior [ RunTime:0.001882s ]
INFO: [ app_end ] --END-- [ RunTime:0.001985s ]

[ 2018-01-24T11:39:38+08:00 ] 127.0.0.1 /Admin/System/adduser.html
INFO: [ app_init ] --START--
INFO: Run Behavior\BuildLiteBehavior [ RunTime:0.000013s ]
INFO: [ app_init ] --END-- [ RunTime:0.000575s ]
INFO: [ app_begin ] --START--
INFO: Run Behavior\ReadHtmlCacheBehavior [ RunTime:0.002416s ]
INFO: [ app_begin ] --END-- [ RunTime:0.002500s ]
NOTIC: [8] Undefined index: menu_list D:\phpStudy\WWW\aaa\Application\Admin\Controller\BaseController.class.php 第 65 行.
NOTIC: [2] Invalid argument supplied for foreach() D:\phpStudy\WWW\aaa\Application\Admin\Controller\BaseController.class.php 第 65 行.
SQL: SHOW COLUMNS FROM `web_treenode` [ RunTime:0.0141s ]
SQL: SELECT * FROM `web_treenode` WHERE `menuflag` = 1 AND `status` = 1 ORDER BY sort  [ RunTime:0.0007s ]
SQL: SHOW COLUMNS FROM `web_role` [ RunTime:0.0100s ]
SQL: SELECT * FROM `web_role` WHERE `status` = 1  [ RunTime:0.0004s ]
SQL: SHOW COLUMNS FROM `web_admin` [ RunTime:0.0102s ]
SQL: SELECT * FROM `web_admin` WHERE `user` = 'admin' LIMIT 1   [ RunTime:0.0003s ]
INFO: [ view_parse ] --START--
INFO: [ template_filter ] --START--
INFO: Run Behavior\ContentReplaceBehavior [ RunTime:0.000038s ]
INFO: [ template_filter ] --END-- [ RunTime:0.000086s ]
INFO: Run Behavior\ParseTemplateBehavior [ RunTime:0.076413s ]
INFO: [ view_parse ] --END-- [ RunTime:0.076479s ]
INFO: [ view_filter ] --START--
INFO: Run Behavior\WriteHtmlCacheBehavior [ RunTime:0.001239s ]
INFO: [ view_filter ] --END-- [ RunTime:0.001285s ]

[ 2018-01-24T11:39:42+08:00 ] 127.0.0.1 /Admin/System/adduser.html
INFO: [ app_init ] --START--
INFO: Run Behavior\BuildLiteBehavior [ RunTime:0.000035s ]
INFO: [ app_init ] --END-- [ RunTime:0.001007s ]
INFO: [ app_begin ] --START--
INFO: Run Behavior\ReadHtmlCacheBehavior [ RunTime:0.001311s ]
INFO: [ app_begin ] --END-- [ RunTime:0.001372s ]
NOTIC: [8] Undefined index: menu_list D:\phpStudy\WWW\aaa\Application\Admin\Controller\BaseController.class.php 第 65 行.
NOTIC: [2] Invalid argument supplied for foreach() D:\phpStudy\WWW\aaa\Application\Admin\Controller\BaseController.class.php 第 65 行.
SQL: SHOW COLUMNS FROM `web_treenode` [ RunTime:0.0159s ]
SQL: SELECT * FROM `web_treenode` WHERE `menuflag` = 1 AND `status` = 1 ORDER BY sort  [ RunTime:0.0011s ]
SQL: SHOW COLUMNS FROM `web_role` [ RunTime:0.0103s ]
SQL: SELECT * FROM `web_role` WHERE `status` = 1  [ RunTime:0.0003s ]
INFO: [ view_parse ] --START--
INFO: [ template_filter ] --START--
INFO: Run Behavior\ContentReplaceBehavior [ RunTime:0.000098s ]
INFO: [ template_filter ] --END-- [ RunTime:0.000146s ]
NOTIC: [8] Undefined variable: Os D:\phpStudy\WWW\aaa\Application\Runtime\Cache\Admin\a42586443ff178d93d0e9508c339c414.php 第 148 行.
NOTIC: [8] Undefined variable: nowtime D:\phpStudy\WWW\aaa\Application\Runtime\Cache\Admin\a42586443ff178d93d0e9508c339c414.php 第 303 行.
INFO: Run Behavior\ParseTemplateBehavior [ RunTime:0.094841s ]
INFO: [ view_parse ] --END-- [ RunTime:0.094889s ]
INFO: [ view_filter ] --START--
INFO: Run Behavior\WriteHtmlCacheBehavior [ RunTime:0.001881s ]
INFO: [ view_filter ] --END-- [ RunTime:0.001930s ]
INFO: [ app_end ] --START--
INFO: Run Behavior\ShowPageTraceBehavior [ RunTime:0.004181s ]
INFO: [ app_end ] --END-- [ RunTime:0.004284s ]

[ 2018-01-24T11:39:42+08:00 ] 127.0.0.1 /Admin/System/
INFO: [ app_init ] --START--
INFO: Run Behavior\BuildLiteBehavior [ RunTime:0.000015s ]
INFO: [ app_init ] --END-- [ RunTime:0.000583s ]
INFO: [ app_begin ] --START--
INFO: Run Behavior\ReadHtmlCacheBehavior [ RunTime:0.001720s ]
INFO: [ app_begin ] --END-- [ RunTime:0.001850s ]
NOTIC: [8] Undefined index: menu_list D:\phpStudy\WWW\aaa\Application\Admin\Controller\BaseController.class.php 第 65 行.
NOTIC: [2] Invalid argument supplied for foreach() D:\phpStudy\WWW\aaa\Application\Admin\Controller\BaseController.class.php 第 65 行.
SQL: SHOW COLUMNS FROM `web_treenode` [ RunTime:0.0154s ]
SQL: SELECT * FROM `web_treenode` WHERE `menuflag` = 1 AND `status` = 1 ORDER BY sort  [ RunTime:0.0007s ]
ERR: 非法操作:index

[ 2018-01-24T11:39:45+08:00 ] 127.0.0.1 /Admin/system/role.html
INFO: [ app_init ] --START--
INFO: Run Behavior\BuildLiteBehavior [ RunTime:0.000012s ]
INFO: [ app_init ] --END-- [ RunTime:0.000528s ]
INFO: [ app_begin ] --START--
INFO: Run Behavior\ReadHtmlCacheBehavior [ RunTime:0.002601s ]
INFO: [ app_begin ] --END-- [ RunTime:0.002702s ]
NOTIC: [8] Undefined index: menu_list D:\phpStudy\WWW\aaa\Application\Admin\Controller\BaseController.class.php 第 65 行.
NOTIC: [2] Invalid argument supplied for foreach() D:\phpStudy\WWW\aaa\Application\Admin\Controller\BaseController.class.php 第 65 行.
SQL: SHOW COLUMNS FROM `web_treenode` [ RunTime:0.0166s ]
SQL: SELECT * FROM `web_treenode` WHERE `menuflag` = 1 AND `status` = 1 ORDER BY sort  [ RunTime:0.0006s ]
SQL: SHOW COLUMNS FROM `web_role` [ RunTime:0.0128s ]
SQL: SELECT COUNT(*) AS tp_count FROM `web_role` LIMIT 1   [ RunTime:0.0002s ]
SQL: SELECT * FROM `web_role` ORDER BY id desc LIMIT 0,10   [ RunTime:0.0003s ]
INFO: [ view_parse ] --START--
INFO: [ template_filter ] --START--
INFO: Run Behavior\ContentReplaceBehavior [ RunTime:0.000102s ]
INFO: [ template_filter ] --END-- [ RunTime:0.000157s ]
NOTIC: [8] Undefined variable: Os D:\phpStudy\WWW\aaa\Application\Runtime\Cache\Admin\86174e1f3cc77f335ad91dcb745bd53f.php 第 149 行.
INFO: Run Behavior\ParseTemplateBehavior [ RunTime:0.106795s ]
INFO: [ view_parse ] --END-- [ RunTime:0.106850s ]
INFO: [ view_filter ] --START--
INFO: Run Behavior\WriteHtmlCacheBehavior [ RunTime:0.002413s ]
INFO: [ view_filter ] --END-- [ RunTime:0.002462s ]
INFO: [ app_end ] --START--
INFO: Run Behavior\ShowPageTraceBehavior [ RunTime:0.002582s ]
INFO: [ app_end ] --END-- [ RunTime:0.002681s ]

[ 2018-01-24T11:39:52+08:00 ] 127.0.0.1 /Admin/System/addrole.html
INFO: [ app_init ] --START--
INFO: Run Behavior\BuildLiteBehavior [ RunTime:0.000018s ]
INFO: [ app_init ] --END-- [ RunTime:0.000515s ]
INFO: [ app_begin ] --START--
INFO: Run Behavior\ReadHtmlCacheBehavior [ RunTime:0.000666s ]
INFO: [ app_begin ] --END-- [ RunTime:0.000731s ]
NOTIC: [8] Undefined index: menu_list D:\phpStudy\WWW\aaa\Application\Admin\Controller\BaseController.class.php 第 65 行.
NOTIC: [2] Invalid argument supplied for foreach() D:\phpStudy\WWW\aaa\Application\Admin\Controller\BaseController.class.php 第 65 行.
SQL: SHOW COLUMNS FROM `web_treenode` [ RunTime:0.0146s ]
SQL: SELECT * FROM `web_treenode` WHERE `menuflag` = 1 AND `status` = 1 ORDER BY sort  [ RunTime:0.0007s ]
INFO: [ view_parse ] --START--
INFO: [ template_filter ] --START--
INFO: Run Behavior\ContentReplaceBehavior [ RunTime:0.000082s ]
INFO: [ template_filter ] --END-- [ RunTime:0.000126s ]
NOTIC: [8] Undefined variable: Os D:\phpStudy\WWW\aaa\Application\Runtime\Cache\Admin\f843bb4574288e3540e6f314be7d5e36.php 第 148 行.
INFO: Run Behavior\ParseTemplateBehavior [ RunTime:0.183720s ]
INFO: [ view_parse ] --END-- [ RunTime:0.183771s ]
INFO: [ view_filter ] --START--
INFO: Run Behavior\WriteHtmlCacheBehavior [ RunTime:0.000369s ]
INFO: [ view_filter ] --END-- [ RunTime:0.000409s ]
INFO: [ app_end ] --START--
INFO: Run Behavior\ShowPageTraceBehavior [ RunTime:0.002122s ]
INFO: [ app_end ] --END-- [ RunTime:0.002192s ]

[ 2018-01-24T11:39:53+08:00 ] 127.0.0.1 /Admin/System/role.html
INFO: [ app_init ] --START--
INFO: Run Behavior\BuildLiteBehavior [ RunTime:0.000018s ]
INFO: [ app_init ] --END-- [ RunTime:0.000455s ]
INFO: [ app_begin ] --START--
INFO: Run Behavior\ReadHtmlCacheBehavior [ RunTime:0.000600s ]
INFO: [ app_begin ] --END-- [ RunTime:0.000677s ]
NOTIC: [8] Undefined index: menu_list D:\phpStudy\WWW\aaa\Application\Admin\Controller\BaseController.class.php 第 65 行.
NOTIC: [2] Invalid argument supplied for foreach() D:\phpStudy\WWW\aaa\Application\Admin\Controller\BaseController.class.php 第 65 行.
SQL: SHOW COLUMNS FROM `web_treenode` [ RunTime:0.0166s ]
SQL: SELECT * FROM `web_treenode` WHERE `menuflag` = 1 AND `status` = 1 ORDER BY sort  [ RunTime:0.0007s ]
SQL: SHOW COLUMNS FROM `web_role` [ RunTime:0.0115s ]
SQL: SELECT COUNT(*) AS tp_count FROM `web_role` LIMIT 1   [ RunTime:0.0002s ]
SQL: SELECT * FROM `web_role` ORDER BY id desc LIMIT 0,10   [ RunTime:0.0006s ]
INFO: [ view_parse ] --START--
INFO: [ template_filter ] --START--
INFO: Run Behavior\ContentReplaceBehavior [ RunTime:0.000091s ]
INFO: [ template_filter ] --END-- [ RunTime:0.000144s ]
NOTIC: [8] Undefined variable: Os D:\phpStudy\WWW\aaa\Application\Runtime\Cache\Admin\86174e1f3cc77f335ad91dcb745bd53f.php 第 149 行.
INFO: Run Behavior\ParseTemplateBehavior [ RunTime:0.112669s ]
INFO: [ view_parse ] --END-- [ RunTime:0.112765s ]
INFO: [ view_filter ] --START--
INFO: Run Behavior\WriteHtmlCacheBehavior [ RunTime:0.000392s ]
INFO: [ view_filter ] --END-- [ RunTime:0.000455s ]
INFO: [ app_end ] --START--
INFO: Run Behavior\ShowPageTraceBehavior [ RunTime:0.001061s ]
INFO: [ app_end ] --END-- [ RunTime:0.001172s ]

[ 2018-01-24T11:39:54+08:00 ] 127.0.0.1 /Admin/system/userlist.html
INFO: [ app_init ] --START--
INFO: Run Behavior\BuildLiteBehavior [ RunTime:0.000011s ]
INFO: [ app_init ] --END-- [ RunTime:0.000307s ]
INFO: [ app_begin ] --START--
INFO: Run Behavior\ReadHtmlCacheBehavior [ RunTime:0.000376s ]
INFO: [ app_begin ] --END-- [ RunTime:0.000424s ]
NOTIC: [8] Undefined index: menu_list D:\phpStudy\WWW\aaa\Application\Admin\Controller\BaseController.class.php 第 65 行.
NOTIC: [2] Invalid argument supplied for foreach() D:\phpStudy\WWW\aaa\Application\Admin\Controller\BaseController.class.php 第 65 行.
SQL: SHOW COLUMNS FROM `web_treenode` [ RunTime:0.0139s ]
SQL: SELECT * FROM `web_treenode` WHERE `menuflag` = 1 AND `status` = 1 ORDER BY sort  [ RunTime:0.0007s ]
SQL: SHOW COLUMNS FROM `web_role` [ RunTime:0.0121s ]
SQL: SHOW COLUMNS FROM `web_admin` [ RunTime:0.0109s ]
SQL: SELECT COUNT(*) AS tp_count FROM `web_admin` WHERE ( role != 0 ) LIMIT 1   [ RunTime:0.0003s ]
SQL: SELECT * FROM `web_admin` WHERE ( role != 0 ) ORDER BY id desc LIMIT 0,10   [ RunTime:0.0003s ]
SQL: SELECT * FROM `web_role`  [ RunTime:0.0002s ]
INFO: [ view_parse ] --START--
INFO: [ template_filter ] --START--
INFO: Run Behavior\ContentReplaceBehavior [ RunTime:0.000088s ]
INFO: [ template_filter ] --END-- [ RunTime:0.000136s ]
NOTIC: [8] Undefined variable: Os D:\phpStudy\WWW\aaa\Application\Runtime\Cache\Admin\0abc04ef7f29fab7e9aa3e4960b2705d.php 第 149 行.
INFO: Run Behavior\ParseTemplateBehavior [ RunTime:0.094977s ]
INFO: [ view_parse ] --END-- [ RunTime:0.095028s ]
INFO: [ view_filter ] --START--
INFO: Run Behavior\WriteHtmlCacheBehavior [ RunTime:0.000346s ]
INFO: [ view_filter ] --END-- [ RunTime:0.000380s ]
INFO: [ app_end ] --START--
INFO: Run Behavior\ShowPageTraceBehavior [ RunTime:0.000472s ]
INFO: [ app_end ] --END-- [ RunTime:0.000517s ]

